<?xml version="1.0" encoding="utf-8"?><testsuites name="pytest tests"><testsuite name="pytest" errors="0" failures="1" skipped="0" tests="16" time="2.159" timestamp="2026-02-27T15:47:58.480660+00:00" hostname="agent-env-4a745b49-20b1-45cb-b97d-e54c8e00d735"><testcase classname="backend.tests.test_cancelamento_api.TestCancelamentoTipos" name="test_listar_tipos_cancelamento_success" time="0.221" /><testcase classname="backend.tests.test_cancelamento_api.TestCancelamentoResponsabilidades" name="test_listar_responsabilidades_success" time="0.105" /><testcase classname="backend.tests.test_cancelamento_api.TestCancelamentoDocumentos" name="test_listar_documentos_escolaridade_success" time="0.153" /><testcase classname="backend.tests.test_cancelamento_api.TestCancelamentoDocumentos" name="test_get_documento_especifico_success" time="0.104" /><testcase classname="backend.tests.test_cancelamento_api.TestCancelamentoDocumentos" name="test_get_documento_not_found" time="0.101" /><testcase classname="backend.tests.test_cancelamento_api.TestCancelamentoFluxoValidacao" name="test_get_fluxos_validacao_success" time="0.126" /><testcase classname="backend.tests.test_cancelamento_api.TestCancelamentoValidarEscolaridade" name="test_validar_historico_escolar_success" time="0.114" /><testcase classname="backend.tests.test_cancelamento_api.TestCancelamentoValidarEscolaridade" name="test_validar_atestado_conclusao_success" time="0.157" /><testcase classname="backend.tests.test_cancelamento_api.TestCancelamentoValidarEscolaridade" name="test_validar_tipo_invalido" time="0.151" /><testcase classname="backend.tests.test_cancelamento_api.TestTemplatesEmail" name="test_listar_templates_email_success" time="0.113" /><testcase classname="backend.tests.test_cancelamento_api.TestTemplatesEmail" name="test_render_email_template_success" time="0.108"><failure message="assert 400 == 200&#10; +  where 400 = &lt;Response [400]&gt;.status_code">tests/test_cancelamento_api.py:221: in test_render_email_template_success
    assert response.status_code == 200
E   assert 400 == 200
E    +  where 400 = &lt;Response [400]&gt;.status_code</failure></testcase><testcase classname="backend.tests.test_cancelamento_api.TestTemplatesEmail" name="test_render_email_template_missing_fields" time="0.118" /><testcase classname="backend.tests.test_cancelamento_api.TestTemplatesEmail" name="test_render_email_template_invalid_type" time="0.107" /><testcase classname="backend.tests.test_cancelamento_api.TestTemplatesWhatsApp" name="test_listar_templates_whatsapp_success" time="0.113" /><testcase classname="backend.tests.test_cancelamento_api.TestTemplatesWhatsApp" name="test_render_whatsapp_template_success" time="0.111" /><testcase classname="backend.tests.test_cancelamento_api.TestTemplatesWhatsApp" name="test_render_whatsapp_without_phone" time="0.113" /></testsuite></testsuites>