<?xml version="1.0" encoding="utf-8"?><testsuites name="pytest tests"><testsuite name="pytest" errors="0" failures="0" skipped="0" tests="22" time="3.027" timestamp="2026-03-11T15:20:58.328019+00:00" hostname="agent-env-ffd35989-71ec-4097-a0c5-07060e72d536"><testcase classname="backend.tests.test_regression_mongodb.TestHealth" name="test_api_health" time="0.336" /><testcase classname="backend.tests.test_regression_mongodb.TestAuth" name="test_login_admin_direct" time="0.303" /><testcase classname="backend.tests.test_regression_mongodb.TestAuth" name="test_login_invalid_credentials" time="0.063" /><testcase classname="backend.tests.test_regression_mongodb.TestAuth" name="test_get_me" time="0.373" /><testcase classname="backend.tests.test_regression_mongodb.TestPedidos" name="test_dashboard_pedidos" time="0.090" /><testcase classname="backend.tests.test_regression_mongodb.TestPedidos" name="test_listar_pedidos_paginado" time="0.072" /><testcase classname="backend.tests.test_regression_mongodb.TestPedidos" name="test_criar_pedido_com_aluno" time="0.087" /><testcase classname="backend.tests.test_regression_mongodb.TestPedidos" name="test_visualizar_pedido_existente" time="0.120" /><testcase classname="backend.tests.test_regression_mongodb.TestPedidos" name="test_alterar_status_pedido" time="0.197" /><testcase classname="backend.tests.test_regression_mongodb.TestPedidos" name="test_analytics_pedidos" time="0.075" /><testcase classname="backend.tests.test_regression_mongodb.TestPainelVagas" name="test_listar_periodos" time="0.068" /><testcase classname="backend.tests.test_regression_mongodb.TestPainelVagas" name="test_dashboard_vagas" time="0.061" /><testcase classname="backend.tests.test_regression_mongodb.TestPainelVagas" name="test_dashboard_vagas_filtro_periodo" time="0.059" /><testcase classname="backend.tests.test_regression_mongodb.TestPainelVagas" name="test_listar_turmas" time="0.082" /><testcase classname="backend.tests.test_regression_mongodb.TestProdutividade" name="test_dashboard_produtividade" time="0.126" /><testcase classname="backend.tests.test_regression_mongodb.TestCadastros" name="test_listar_cursos" time="0.274" /><testcase classname="backend.tests.test_regression_mongodb.TestCadastros" name="test_estatisticas_cursos" time="0.121" /><testcase classname="backend.tests.test_regression_mongodb.TestCadastros" name="test_listar_projetos" time="0.065" /><testcase classname="backend.tests.test_regression_mongodb.TestCadastros" name="test_listar_empresas" time="0.084" /><testcase classname="backend.tests.test_regression_mongodb.TestPendencias" name="test_dashboard_pendencias" time="0.081" /><testcase classname="backend.tests.test_regression_mongodb.TestPendencias" name="test_listar_pendencias" time="0.064" /><testcase classname="backend.tests.test_regression_mongodb.TestPendencias" name="test_tipos_documento" time="0.088" /></testsuite></testsuites>