<?xml version="1.0" encoding="utf-8"?><testsuites name="pytest tests"><testsuite name="pytest" errors="0" failures="0" skipped="0" tests="13" time="3.937" timestamp="2026-01-22T16:03:11.603978+00:00" hostname="agent-env-292328d5-9f3e-4cb1-9476-55d23d6ca71e"><testcase classname="backend.tests.test_timeline_api.TestTimelineAPI" name="test_timeline_endpoint_returns_200" time="0.352" /><testcase classname="backend.tests.test_timeline_api.TestTimelineAPI" name="test_timeline_returns_required_fields" time="0.292" /><testcase classname="backend.tests.test_timeline_api.TestTimelineAPI" name="test_timeline_event_has_required_fields" time="0.282" /><testcase classname="backend.tests.test_timeline_api.TestTimelineAPI" name="test_timeline_event_acao_label_is_translated" time="0.299" /><testcase classname="backend.tests.test_timeline_api.TestTimelineAPI" name="test_timeline_event_has_valid_icon" time="0.281" /><testcase classname="backend.tests.test_timeline_api.TestTimelineAPI" name="test_timeline_event_has_valid_color" time="0.297" /><testcase classname="backend.tests.test_timeline_api.TestTimelineAPI" name="test_timeline_event_has_usuario_nome" time="0.299" /><testcase classname="backend.tests.test_timeline_api.TestTimelineAPI" name="test_timeline_event_has_timestamp" time="0.290" /><testcase classname="backend.tests.test_timeline_api.TestTimelineAPI" name="test_timeline_total_eventos_matches_timeline_length" time="0.287" /><testcase classname="backend.tests.test_timeline_api.TestTimelineAPI" name="test_timeline_returns_404_for_invalid_pedido" time="0.283" /><testcase classname="backend.tests.test_timeline_api.TestTimelineAPI" name="test_timeline_requires_authentication" time="0.308" /><testcase classname="backend.tests.test_timeline_api.TestTimelineAPI" name="test_timeline_event_detalhes_field" time="0.281" /><testcase classname="backend.tests.test_timeline_api.TestTimelineWithStatusChange" name="test_status_change_creates_timeline_event" time="0.323" /></testsuite></testsuites>