<?xml version="1.0" encoding="utf-8"?><testsuites name="pytest tests"><testsuite name="pytest" errors="0" failures="0" skipped="0" tests="31" time="4.900" timestamp="2026-03-11T15:56:13.709976+00:00" hostname="agent-env-ffd35989-71ec-4097-a0c5-07060e72d536"><testcase classname="backend.tests.test_iteration18_modules.TestBIDashboard" name="test_bi_completo_status_200" time="0.660" /><testcase classname="backend.tests.test_iteration18_modules.TestBIDashboard" name="test_bi_completo_has_resumo" time="0.162" /><testcase classname="backend.tests.test_iteration18_modules.TestBIDashboard" name="test_bi_total_matriculas_414" time="0.185" /><testcase classname="backend.tests.test_iteration18_modules.TestBIDashboard" name="test_bi_taxa_conversao_value" time="0.127" /><testcase classname="backend.tests.test_iteration18_modules.TestBIDashboard" name="test_bi_has_evolucao_mensal" time="0.142" /><testcase classname="backend.tests.test_iteration18_modules.TestBIDashboard" name="test_bi_has_matriculas_section" time="0.137" /><testcase classname="backend.tests.test_iteration18_modules.TestBIDashboard" name="test_bi_has_reembolsos_section" time="0.172" /><testcase classname="backend.tests.test_iteration18_modules.TestBIDashboard" name="test_bi_has_pendencias_section" time="0.132" /><testcase classname="backend.tests.test_iteration18_modules.TestSLADashboard" name="test_sla_dashboard_status_200" time="0.154" /><testcase classname="backend.tests.test_iteration18_modules.TestSLADashboard" name="test_sla_dashboard_has_resumo_geral" time="0.158" /><testcase classname="backend.tests.test_iteration18_modules.TestSLADashboard" name="test_sla_total_pedidos_414" time="0.107" /><testcase classname="backend.tests.test_iteration18_modules.TestSLADashboard" name="test_sla_em_aberto_17" time="0.150" /><testcase classname="backend.tests.test_iteration18_modules.TestSLADashboard" name="test_sla_taxa_conclusao" time="0.124" /><testcase classname="backend.tests.test_iteration18_modules.TestSLADashboard" name="test_sla_has_metricas_por_status" time="0.117" /><testcase classname="backend.tests.test_iteration18_modules.TestSLADashboard" name="test_sla_has_evolucao_semanal" time="0.122" /><testcase classname="backend.tests.test_iteration18_modules.TestSLADashboard" name="test_sla_has_alertas" time="0.141" /><testcase classname="backend.tests.test_iteration18_modules.TestChamadosSGCDashboard" name="test_chamados_dashboard_status_200" time="0.123" /><testcase classname="backend.tests.test_iteration18_modules.TestChamadosSGCDashboard" name="test_chamados_dashboard_has_required_fields" time="0.135" /><testcase classname="backend.tests.test_iteration18_modules.TestChamadosSGCDashboard" name="test_chamados_em_aberto_3" time="0.119" /><testcase classname="backend.tests.test_iteration18_modules.TestChamadosSGCDashboard" name="test_chamados_criticos_value" time="0.132" /><testcase classname="backend.tests.test_iteration18_modules.TestChamadosSGCDashboard" name="test_chamados_list_has_3_records" time="0.110" /><testcase classname="backend.tests.test_iteration18_modules.TestChamadosSGCDashboard" name="test_chamados_status_values" time="0.121" /><testcase classname="backend.tests.test_iteration18_modules.TestAtribuicoesResumo" name="test_resumo_status_200" time="0.118" /><testcase classname="backend.tests.test_iteration18_modules.TestAtribuicoesResumo" name="test_resumo_has_required_fields" time="0.145" /><testcase classname="backend.tests.test_iteration18_modules.TestAtribuicoesResumo" name="test_resumo_numeric_values" time="0.104" /><testcase classname="backend.tests.test_iteration18_modules.TestAtribuicoesResumo" name="test_minha_caixa_status_200" time="0.118" /><testcase classname="backend.tests.test_iteration18_modules.TestAtribuicoesResumo" name="test_minha_caixa_structure" time="0.107" /><testcase classname="backend.tests.test_iteration18_modules.TestAPIBIFrontendMismatch" name="test_bi_matriculas_has_total_not_total_pedidos" time="0.124" /><testcase classname="backend.tests.test_iteration18_modules.TestAPIBIFrontendMismatch" name="test_bi_reembolsos_field_names" time="0.119" /><testcase classname="backend.tests.test_iteration18_modules.TestAPIBIFrontendMismatch" name="test_bi_pendencias_field_names" time="0.144" /><testcase classname="backend.tests.test_iteration18_modules.TestAPIBIFrontendMismatch" name="test_chamados_detail_structure" time="0.266" /></testsuite></testsuites>