<?xml version="1.0" encoding="utf-8"?><testsuites name="pytest tests"><testsuite name="pytest" errors="0" failures="0" skipped="0" tests="71" time="10.840" timestamp="2026-03-12T00:40:44.155516+00:00" hostname="agent-env-0584f384-cb8e-40e5-b9ec-a9a0c4001fbd"><testcase classname="backend.tests.test_full_audit_production.TestAuth" name="test_login_admin_success" time="0.371" /><testcase classname="backend.tests.test_full_audit_production.TestAuth" name="test_login_wrong_password" time="0.333" /><testcase classname="backend.tests.test_full_audit_production.TestAuth" name="test_get_me" time="0.133" /><testcase classname="backend.tests.test_full_audit_production.TestAuth" name="test_login_returns_token_field_not_access_token" time="0.374" /><testcase classname="backend.tests.test_full_audit_production.TestCadastros" name="test_list_cursos" time="0.318" /><testcase classname="backend.tests.test_full_audit_production.TestCadastros" name="test_create_curso" time="0.153" /><testcase classname="backend.tests.test_full_audit_production.TestCadastros" name="test_list_projetos" time="0.117" /><testcase classname="backend.tests.test_full_audit_production.TestCadastros" name="test_list_empresas" time="0.127" /><testcase classname="backend.tests.test_full_audit_production.TestPedidos" name="test_list_pedidos" time="0.121" /><testcase classname="backend.tests.test_full_audit_production.TestPedidos" name="test_create_pedido" time="0.135" /><testcase classname="backend.tests.test_full_audit_production.TestPedidos" name="test_get_pedido_by_id" time="0.120" /><testcase classname="backend.tests.test_full_audit_production.TestPedidos" name="test_update_pedido_status" time="0.119" /><testcase classname="backend.tests.test_full_audit_production.TestPedidos" name="test_dashboard_pedidos" time="0.120" /><testcase classname="backend.tests.test_full_audit_production.TestPedidos" name="test_analytics_pedidos" time="0.125" /><testcase classname="backend.tests.test_full_audit_production.TestDashboardBI" name="test_bi_completo" time="0.115" /><testcase classname="backend.tests.test_full_audit_production.TestDashboardBI" name="test_bi_matriculas" time="0.155" /><testcase classname="backend.tests.test_full_audit_production.TestDashboardBI" name="test_bi_evolucao" time="0.131" /><testcase classname="backend.tests.test_full_audit_production.TestDashboardSLA" name="test_sla_dashboard" time="0.137" /><testcase classname="backend.tests.test_full_audit_production.TestDashboardSLA" name="test_sla_tipo_ps_has_required_fields" time="0.123" /><testcase classname="backend.tests.test_full_audit_production.TestPendencias" name="test_list_pendencias" time="0.104" /><testcase classname="backend.tests.test_full_audit_production.TestPendencias" name="test_create_pendencia_manual" time="0.111" /><testcase classname="backend.tests.test_full_audit_production.TestPendencias" name="test_create_pendencia_automatica" time="0.231" /><testcase classname="backend.tests.test_full_audit_production.TestPendencias" name="test_update_pendencia_status" time="0.123" /><testcase classname="backend.tests.test_full_audit_production.TestReembolsos" name="test_list_reembolsos" time="0.113" /><testcase classname="backend.tests.test_full_audit_production.TestReembolsos" name="test_create_reembolso" time="0.111" /><testcase classname="backend.tests.test_full_audit_production.TestReembolsos" name="test_get_reembolso_by_id" time="0.118" /><testcase classname="backend.tests.test_full_audit_production.TestReembolsos" name="test_reembolsos_dashboard" time="0.110" /><testcase classname="backend.tests.test_full_audit_production.TestChamadosSGC" name="test_list_chamados" time="0.112" /><testcase classname="backend.tests.test_full_audit_production.TestChamadosSGC" name="test_chamados_dashboard" time="0.205" /><testcase classname="backend.tests.test_full_audit_production.TestChamadosSGC" name="test_create_chamado" time="0.141" /><testcase classname="backend.tests.test_full_audit_production.TestChamadosSGC" name="test_get_chamado_by_id" time="0.120" /><testcase classname="backend.tests.test_full_audit_production.TestChamadosSGC" name="test_create_interacao_chamado" time="0.112" /><testcase classname="backend.tests.test_full_audit_production.TestPainelVagas" name="test_painel_vagas_dashboard" time="0.148" /><testcase classname="backend.tests.test_full_audit_production.TestPainelVagas" name="test_painel_vagas_turmas" time="0.103" /><testcase classname="backend.tests.test_full_audit_production.TestApoioCognitivo" name="test_get_meu_dia" time="0.118" /><testcase classname="backend.tests.test_full_audit_production.TestApoioCognitivo" name="test_create_tarefa" time="0.127" /><testcase classname="backend.tests.test_full_audit_production.TestApoioCognitivo" name="test_update_tarefa" time="0.167" /><testcase classname="backend.tests.test_full_audit_production.TestApoioCognitivo" name="test_delete_tarefa" time="0.120" /><testcase classname="backend.tests.test_full_audit_production.TestLembretes" name="test_create_lembrete" time="0.137" /><testcase classname="backend.tests.test_full_audit_production.TestLembretes" name="test_list_lembretes" time="0.128" /><testcase classname="backend.tests.test_full_audit_production.TestArtigos" name="test_list_artigos" time="0.138" /><testcase classname="backend.tests.test_full_audit_production.TestArtigos" name="test_create_artigo" time="0.122" /><testcase classname="backend.tests.test_full_audit_production.TestContatos" name="test_create_contato" time="0.171" /><testcase classname="backend.tests.test_full_audit_production.TestContatos" name="test_list_contatos" time="0.115" /><testcase classname="backend.tests.test_full_audit_production.TestUsuarios" name="test_list_usuarios_admin" time="0.156" /><testcase classname="backend.tests.test_full_audit_production.TestUsuarios" name="test_get_usuario_by_id" time="0.115" /><testcase classname="backend.tests.test_full_audit_production.TestUsuarios" name="test_register_new_user" time="0.444" /><testcase classname="backend.tests.test_full_audit_production.TestAlertas" name="test_alertas_dashboard" time="0.119" /><testcase classname="backend.tests.test_full_audit_production.TestAlertas" name="test_alertas_contagem" time="0.111" /><testcase classname="backend.tests.test_full_audit_production.TestAlertas" name="test_alertas_pendencias_vencidas_check" time="0.108" /><testcase classname="backend.tests.test_full_audit_production.TestAlertas" name="test_alertas_reembolsos_abertos_check" time="0.417" /><testcase classname="backend.tests.test_full_audit_production.TestStatusMatricula" name="test_transicionar_status" time="0.150" /><testcase classname="backend.tests.test_full_audit_production.TestStatusMatricula" name="test_get_proximos_status" time="0.108" /><testcase classname="backend.tests.test_full_audit_production.TestProdutividade" name="test_produtividade_dashboard" time="0.119" /><testcase classname="backend.tests.test_full_audit_production.TestAtribuicoes" name="test_atribuicoes_resumo" time="0.109" /><testcase classname="backend.tests.test_full_audit_production.TestAtribuicoes" name="test_atribuicoes_minha_caixa" time="0.115" /><testcase classname="backend.tests.test_full_audit_production.TestDocumentosPendencias" name="test_create_pendencia_doc" time="0.235" /><testcase classname="backend.tests.test_full_audit_production.TestDocumentosPendencias" name="test_list_pendencias_doc" time="0.121" /><testcase classname="backend.tests.test_full_audit_production.TestTurmas" name="test_list_turmas" time="0.109" /><testcase classname="backend.tests.test_full_audit_production.TestTurmas" name="test_create_turma" time="0.123" /><testcase classname="backend.tests.test_full_audit_production.TestTurmas" name="test_reservar_vaga_turma" time="0.120" /><testcase classname="backend.tests.test_full_audit_production.TestExportacaoTOTVS" name="test_exportar_totvs_xlsx" time="0.127" /><testcase classname="backend.tests.test_full_audit_production.TestExportacaoTOTVS" name="test_exportar_totvs_csv" time="0.150" /><testcase classname="backend.tests.test_full_audit_production.TestHealth" name="test_health" time="0.114" /><testcase classname="backend.tests.test_full_audit_production.TestHealth" name="test_unauthorized_access" time="0.111" /><testcase classname="backend.tests.test_full_audit_production.TestApoioSaudacao" name="test_apoio_saudacao_endpoint" time="0.240" /><testcase classname="backend.tests.test_full_audit_production.TestCleanup" name="test_cleanup_test_curso" time="0.123" /><testcase classname="backend.tests.test_full_audit_production.TestCleanup" name="test_cleanup_test_chamado" time="0.115" /><testcase classname="backend.tests.test_full_audit_production.TestCleanup" name="test_cleanup_test_pendencia" time="0.118" /><testcase classname="backend.tests.test_full_audit_production.TestCleanup" name="test_cleanup_test_reembolso" time="0.118" /><testcase classname="backend.tests.test_full_audit_production.TestCleanup" name="test_cleanup_artigo" time="0.125" /></testsuite></testsuites>