<?xml version="1.0" encoding="utf-8"?><testsuites name="pytest tests"><testsuite name="pytest" errors="0" failures="0" skipped="0" tests="12" time="1.541" timestamp="2026-03-09T19:28:22.624461+00:00" hostname="agent-env-d26f685f-2a5b-48eb-86e4-ad35b798423e"><testcase classname="backend.tests.test_chamados_sgc_api.TestChamadosSGCDashboard" name="test_dashboard_returns_metrics" time="0.553" /><testcase classname="backend.tests.test_chamados_sgc_api.TestChamadosSGCList" name="test_list_chamados" time="0.065" /><testcase classname="backend.tests.test_chamados_sgc_api.TestChamadosSGCList" name="test_list_chamados_with_status_filter" time="0.067" /><testcase classname="backend.tests.test_chamados_sgc_api.TestChamadosSGCList" name="test_list_chamados_with_search" time="0.073" /><testcase classname="backend.tests.test_chamados_sgc_api.TestChamadosSGCCRUD" name="test_create_chamado_with_sgc_fields" time="0.073" /><testcase classname="backend.tests.test_chamados_sgc_api.TestChamadosSGCCRUD" name="test_get_chamado_details" time="0.058" /><testcase classname="backend.tests.test_chamados_sgc_api.TestChamadosSGCCRUD" name="test_update_chamado_status" time="0.123" /><testcase classname="backend.tests.test_chamados_sgc_api.TestChamadosSGCCRUD" name="test_add_interacao" time="0.122" /><testcase classname="backend.tests.test_chamados_sgc_api.TestChamadosSGCCRUD" name="test_add_esforco" time="0.125" /><testcase classname="backend.tests.test_chamados_sgc_api.TestChamadosSGCEdgeCases" name="test_get_nonexistent_chamado" time="0.052" /><testcase classname="backend.tests.test_chamados_sgc_api.TestChamadosSGCEdgeCases" name="test_create_chamado_without_ticket_number" time="0.056" /><testcase classname="backend.tests.test_chamados_sgc_api.TestChamadosSGCValidation" name="test_chamado_has_expected_fields" time="0.055" /></testsuite></testsuites>