<?xml version="1.0" encoding="utf-8"?><testsuites name="pytest tests"><testsuite name="pytest" errors="0" failures="0" skipped="0" tests="21" time="18.762" timestamp="2026-02-24T11:11:15.797430+00:00" hostname="agent-env-aa58442a-89a2-4a43-a88a-8370874b2e24"><testcase classname="backend.tests.test_atividades_api.TestAtividadesAPI" name="test_get_atividades_authenticated" time="0.975" /><testcase classname="backend.tests.test_atividades_api.TestAtividadesAPI" name="test_get_atividades_unauthenticated" time="0.801" /><testcase classname="backend.tests.test_atividades_api.TestAtividadesAPI" name="test_get_atividades_with_tipo_filter" time="0.805" /><testcase classname="backend.tests.test_atividades_api.TestAtividadesAPI" name="test_get_atividades_with_limite" time="0.792" /><testcase classname="backend.tests.test_atividades_api.TestAtividadesAPI" name="test_get_atividades_tipos_disponiveis" time="0.847" /><testcase classname="backend.tests.test_atividades_api.TestAtividadesAPI" name="test_login_registers_activity" time="1.660" /><testcase classname="backend.tests.test_atividades_api.TestAtividadesAPI" name="test_password_change_registers_activity" time="3.134" /><testcase classname="backend.tests.test_atividades_api.TestAtividadesAPI" name="test_profile_update_registers_activity" time="1.927" /><testcase classname="backend.tests.test_atividades_api.TestAtividadesAPI" name="test_auditorias_retrocompatibility" time="0.824" /><testcase classname="backend.tests.test_atividades_api.TestAtividadesAPI" name="test_pedidos_recentes_structure" time="0.843" /><testcase classname="backend.tests.test_atividades_api.TestAtividadesValidation" name="test_invalid_tipo_filter_returns_empty" time="0.459" /><testcase classname="backend.tests.test_atividades_api.TestAtividadesValidation" name="test_limite_boundary_min" time="0.469" /><testcase classname="backend.tests.test_atividades_api.TestAtividadesValidation" name="test_limite_boundary_max" time="0.455" /><testcase classname="backend.tests.test_atividades_api.TestAtividadesValidation" name="test_limite_exceeds_max" time="0.464" /><testcase classname="backend.tests.test_atividades_api.TestPasswordChangeValidation" name="test_password_change_wrong_current_password" time="0.686" /><testcase classname="backend.tests.test_atividades_api.TestPasswordChangeValidation" name="test_password_change_mismatch_confirmation" time="0.683" /><testcase classname="backend.tests.test_atividades_api.TestPasswordChangeValidation" name="test_password_change_same_as_current" time="0.701" /><testcase classname="backend.tests.test_atividades_api.TestPasswordChangeValidation" name="test_password_change_too_short" time="0.442" /><testcase classname="backend.tests.test_atividades_api.TestProfileUpdateValidation" name="test_profile_update_name_too_short" time="0.475" /><testcase classname="backend.tests.test_atividades_api.TestProfileUpdateValidation" name="test_profile_update_email_already_exists" time="0.481" /><testcase classname="backend.tests.test_atividades_api.TestProfileUpdateValidation" name="test_profile_update_no_changes_no_activity" time="0.692" /></testsuite></testsuites>