<?xml version="1.0" encoding="utf-8"?><testsuites name="pytest tests"><testsuite name="pytest" errors="0" failures="0" skipped="0" tests="27" time="2.963" timestamp="2026-01-22T14:56:46.537565+00:00" hostname="agent-env-292328d5-9f3e-4cb1-9476-55d23d6ca71e"><testcase classname="tests.test_reembolsos_api.TestReembolsosAPI" name="test_admin_login" time="0.322" /><testcase classname="tests.test_reembolsos_api.TestReembolsosAPI" name="test_assistente_login" time="0.269" /><testcase classname="tests.test_reembolsos_api.TestReembolsosAPI" name="test_get_motivos_reembolso" time="0.305" /><testcase classname="tests.test_reembolsos_api.TestReembolsosAPI" name="test_get_status_reembolso" time="0.037" /><testcase classname="tests.test_reembolsos_api.TestReembolsosAPI" name="test_get_dashboard" time="0.044" /><testcase classname="tests.test_reembolsos_api.TestReembolsosAPI" name="test_create_reembolso_sem_escolaridade" time="0.045" /><testcase classname="tests.test_reembolsos_api.TestReembolsosAPI" name="test_create_reembolso_desistencia" time="0.047" /><testcase classname="tests.test_reembolsos_api.TestReembolsosAPI" name="test_create_reembolso_invalid_motivo" time="0.033" /><testcase classname="tests.test_reembolsos_api.TestReembolsosAPI" name="test_list_reembolsos" time="0.037" /><testcase classname="tests.test_reembolsos_api.TestReembolsosAPI" name="test_list_reembolsos_filter_by_status" time="0.036" /><testcase classname="tests.test_reembolsos_api.TestReembolsosAPI" name="test_list_reembolsos_filter_by_motivo" time="0.032" /><testcase classname="tests.test_reembolsos_api.TestReembolsosAPI" name="test_get_reembolso_details" time="0.076" /><testcase classname="tests.test_reembolsos_api.TestReembolsosAPI" name="test_get_reembolso_not_found" time="0.036" /><testcase classname="tests.test_reembolsos_api.TestReembolsosAPI" name="test_update_reembolso_status" time="0.116" /><testcase classname="tests.test_reembolsos_api.TestReembolsosAPI" name="test_update_reembolso_dates" time="0.115" /><testcase classname="tests.test_reembolsos_api.TestReembolsosAPI" name="test_update_reembolso_invalid_status" time="0.078" /><testcase classname="tests.test_reembolsos_api.TestReembolsosAPI" name="test_update_to_pago_sets_data_pagamento" time="0.111" /><testcase classname="tests.test_reembolsos_api.TestReembolsosAPI" name="test_assistente_can_access_reembolsos" time="0.400" /><testcase classname="tests.test_reembolsos_api.TestReembolsosAPI" name="test_unauthorized_access" time="0.101" /><testcase classname="tests.test_reembolsos_api.TestReembolsosAPI" name="test_delete_reembolso_admin_only" time="0.143" /><testcase classname="tests.test_reembolsos_api.TestReembolsosAPI" name="test_get_templates_email" time="0.043" /><testcase classname="tests.test_reembolsos_api.TestReembolsosAPI" name="test_create_reembolso_with_aluno_menor_idade" time="0.070" /><testcase classname="tests.test_reembolsos_api.TestReembolsosAPI" name="test_create_reembolso_with_aluno_email" time="0.077" /><testcase classname="tests.test_reembolsos_api.TestReembolsosAPI" name="test_register_dados_bancarios" time="0.107" /><testcase classname="tests.test_reembolsos_api.TestReembolsosAPI" name="test_register_dados_bancarios_responsavel" time="0.110" /><testcase classname="tests.test_reembolsos_api.TestReembolsosAPI" name="test_list_reembolsos_shows_tem_dados_bancarios" time="0.036" /><testcase classname="tests.test_reembolsos_api.TestReembolsosAPI" name="test_list_reembolsos_shows_aluno_menor_idade" time="0.037" /></testsuite></testsuites>