<?xml version="1.0" encoding="utf-8"?><testsuites name="pytest tests"><testsuite name="pytest" errors="0" failures="0" skipped="0" tests="16" time="4.569" timestamp="2026-01-22T12:27:04.685514+00:00" hostname="agent-env-4cdc12a3-dca8-4699-be28-11659c2894a0"><testcase classname="tests.test_pendencias_api.TestPendenciasAPI" name="test_01_login_admin" time="0.312" /><testcase classname="tests.test_pendencias_api.TestPendenciasAPI" name="test_02_login_assistente" time="0.271" /><testcase classname="tests.test_pendencias_api.TestPendenciasAPI" name="test_03_get_tipos_documento" time="0.284" /><testcase classname="tests.test_pendencias_api.TestPendenciasAPI" name="test_04_get_pendencias_dashboard" time="0.289" /><testcase classname="tests.test_pendencias_api.TestPendenciasAPI" name="test_05_list_pendencias" time="0.281" /><testcase classname="tests.test_pendencias_api.TestPendenciasAPI" name="test_06_list_pendencias_with_status_filter" time="0.308" /><testcase classname="tests.test_pendencias_api.TestPendenciasAPI" name="test_07_list_pendencias_with_pagination" time="0.290" /><testcase classname="tests.test_pendencias_api.TestPendenciasAPI" name="test_08_get_pendencia_details" time="0.303" /><testcase classname="tests.test_pendencias_api.TestPendenciasAPI" name="test_09_get_pendencia_not_found" time="0.278" /><testcase classname="tests.test_pendencias_api.TestPendenciasAPI" name="test_10_create_pendencia_requires_valid_aluno" time="0.277" /><testcase classname="tests.test_pendencias_api.TestPendenciasAPI" name="test_11_update_pendencia_status" time="0.315" /><testcase classname="tests.test_pendencias_api.TestPendenciasAPI" name="test_12_update_pendencia_invalid_status" time="0.296" /><testcase classname="tests.test_pendencias_api.TestPendenciasAPI" name="test_13_register_contact" time="0.289" /><testcase classname="tests.test_pendencias_api.TestPendenciasAPI" name="test_14_register_contact_invalid_type" time="0.288" /><testcase classname="tests.test_pendencias_api.TestPendenciasAPI" name="test_15_assistente_can_access_pendencias" time="0.297" /><testcase classname="tests.test_pendencias_api.TestPendenciasAPI" name="test_16_unauthorized_access" time="0.053" /></testsuite></testsuites>