<?xml version="1.0" encoding="utf-8"?><testsuites name="pytest tests"><testsuite name="pytest" errors="0" failures="0" skipped="0" tests="41" time="22.572" timestamp="2026-02-23T15:19:09.882924+00:00" hostname="agent-env-f5a8e2a1-fb14-411e-aeac-acd631b21eda"><testcase classname="backend.tests.test_apoio_cognitivo.TestAuthentication" name="test_admin_login" time="0.450" /><testcase classname="backend.tests.test_apoio_cognitivo.TestAuthentication" name="test_assistente_login" time="0.409" /><testcase classname="backend.tests.test_apoio_cognitivo.TestAuthentication" name="test_unauthenticated_meu_dia" time="0.180" /><testcase classname="backend.tests.test_apoio_cognitivo.TestMeuDia" name="test_get_meu_dia" time="0.533" /><testcase classname="backend.tests.test_apoio_cognitivo.TestMeuDia" name="test_meu_dia_assistente" time="0.610" /><testcase classname="backend.tests.test_apoio_cognitivo.TestTarefas" name="test_create_tarefa" time="0.489" /><testcase classname="backend.tests.test_apoio_cognitivo.TestTarefas" name="test_create_recurrent_tarefa" time="0.551" /><testcase classname="backend.tests.test_apoio_cognitivo.TestTarefas" name="test_listar_tarefas" time="0.498" /><testcase classname="backend.tests.test_apoio_cognitivo.TestTarefas" name="test_listar_tarefas_by_date" time="0.702" /><testcase classname="backend.tests.test_apoio_cognitivo.TestTarefas" name="test_listar_tarefas_by_categoria" time="0.565" /><testcase classname="backend.tests.test_apoio_cognitivo.TestTarefas" name="test_concluir_tarefa" time="0.788" /><testcase classname="backend.tests.test_apoio_cognitivo.TestTarefas" name="test_concluir_tarefa_not_found" time="0.504" /><testcase classname="backend.tests.test_apoio_cognitivo.TestTarefas" name="test_delete_tarefa" time="0.527" /><testcase classname="backend.tests.test_apoio_cognitivo.TestTarefas" name="test_delete_tarefa_not_found" time="0.586" /><testcase classname="backend.tests.test_apoio_cognitivo.TestLembretes" name="test_create_lembrete" time="0.528" /><testcase classname="backend.tests.test_apoio_cognitivo.TestLembretes" name="test_create_lembrete_with_reference" time="0.498" /><testcase classname="backend.tests.test_apoio_cognitivo.TestLembretes" name="test_listar_lembretes" time="0.527" /><testcase classname="backend.tests.test_apoio_cognitivo.TestLembretes" name="test_listar_lembretes_pendentes" time="0.520" /><testcase classname="backend.tests.test_apoio_cognitivo.TestLembretes" name="test_concluir_lembrete" time="0.531" /><testcase classname="backend.tests.test_apoio_cognitivo.TestLembretes" name="test_concluir_lembrete_not_found" time="0.463" /><testcase classname="backend.tests.test_apoio_cognitivo.TestLembretes" name="test_delete_lembrete" time="0.649" /><testcase classname="backend.tests.test_apoio_cognitivo.TestBaseConhecimento" name="test_get_categorias" time="0.478" /><testcase classname="backend.tests.test_apoio_cognitivo.TestBaseConhecimento" name="test_create_artigo_admin" time="0.520" /><testcase classname="backend.tests.test_apoio_cognitivo.TestBaseConhecimento" name="test_create_artigo_assistente_forbidden" time="0.590" /><testcase classname="backend.tests.test_apoio_cognitivo.TestBaseConhecimento" name="test_listar_artigos" time="0.623" /><testcase classname="backend.tests.test_apoio_cognitivo.TestBaseConhecimento" name="test_listar_artigos_by_categoria" time="0.525" /><testcase classname="backend.tests.test_apoio_cognitivo.TestBaseConhecimento" name="test_listar_artigos_busca" time="0.560" /><testcase classname="backend.tests.test_apoio_cognitivo.TestBaseConhecimento" name="test_listar_artigos_destaque" time="0.494" /><testcase classname="backend.tests.test_apoio_cognitivo.TestBaseConhecimento" name="test_buscar_artigo" time="0.558" /><testcase classname="backend.tests.test_apoio_cognitivo.TestBaseConhecimento" name="test_buscar_artigo_not_found" time="0.555" /><testcase classname="backend.tests.test_apoio_cognitivo.TestBaseConhecimento" name="test_assistente_can_view_artigo" time="0.523" /><testcase classname="backend.tests.test_apoio_cognitivo.TestBaseConhecimento" name="test_update_artigo_admin" time="0.628" /><testcase classname="backend.tests.test_apoio_cognitivo.TestBaseConhecimento" name="test_update_artigo_assistente_forbidden" time="0.528" /><testcase classname="backend.tests.test_apoio_cognitivo.TestBaseConhecimento" name="test_delete_artigo_assistente_forbidden" time="0.596" /><testcase classname="backend.tests.test_apoio_cognitivo.TestBaseConhecimento" name="test_delete_artigo_admin" time="0.473" /><testcase classname="backend.tests.test_apoio_cognitivo.TestBaseConhecimento" name="test_delete_artigo_not_found" time="0.691" /><testcase classname="backend.tests.test_apoio_cognitivo.TestValidation" name="test_tarefa_titulo_required" time="0.503" /><testcase classname="backend.tests.test_apoio_cognitivo.TestValidation" name="test_tarefa_titulo_min_length" time="0.529" /><testcase classname="backend.tests.test_apoio_cognitivo.TestValidation" name="test_artigo_conteudo_min_length" time="0.671" /><testcase classname="backend.tests.test_apoio_cognitivo.TestValidation" name="test_lembrete_data_required" time="0.466" /><testcase classname="backend.tests.test_apoio_cognitivo" name="test_cleanup" time="0.827" /></testsuite></testsuites>