<?xml version="1.0" encoding="utf-8"?><testsuites name="pytest tests"><testsuite name="pytest" errors="0" failures="0" skipped="0" tests="29" time="5.318" timestamp="2026-03-12T11:19:28.672853+00:00" hostname="agent-env-ee98a6df-a284-43a8-a2ca-01fb7e1b0b1e"><testcase classname="backend.tests.test_iteration20_features.TestAuth" name="test_login_success" time="0.350" /><testcase classname="backend.tests.test_iteration20_features.TestAuth" name="test_login_invalid_credentials" time="0.101" /><testcase classname="backend.tests.test_iteration20_features.TestPainelVagas" name="test_listar_periodos" time="0.438" /><testcase classname="backend.tests.test_iteration20_features.TestPainelVagas" name="test_dashboard" time="0.110" /><testcase classname="backend.tests.test_iteration20_features.TestPainelVagas" name="test_dashboard_por_periodo" time="0.212" /><testcase classname="backend.tests.test_iteration20_features.TestPainelVagas" name="test_listar_turmas" time="0.116" /><testcase classname="backend.tests.test_iteration20_features.TestPainelVagas" name="test_criar_turma" time="0.111" /><testcase classname="backend.tests.test_iteration20_features.TestPainelVagas" name="test_criar_periodo_vazio_bug_fix" time="0.224" /><testcase classname="backend.tests.test_iteration20_features.TestPainelVagas" name="test_duplicar_periodo_com_turmas" time="0.341" /><testcase classname="backend.tests.test_iteration20_features.TestPainelVagas" name="test_duplicar_periodo_conflito" time="0.226" /><testcase classname="backend.tests.test_iteration20_features.TestApoioCognitivo" name="test_meu_dia" time="0.106" /><testcase classname="backend.tests.test_iteration20_features.TestApoioCognitivo" name="test_criar_tarefa" time="0.102" /><testcase classname="backend.tests.test_iteration20_features.TestApoioCognitivo" name="test_toggle_tarefa" time="0.416" /><testcase classname="backend.tests.test_iteration20_features.TestApoioCognitivo" name="test_deletar_tarefa" time="0.206" /><testcase classname="backend.tests.test_iteration20_features.TestApoioCognitivo" name="test_criar_lembrete" time="0.100" /><testcase classname="backend.tests.test_iteration20_features.TestApoioCognitivo" name="test_listar_lembretes" time="0.100" /><testcase classname="backend.tests.test_iteration20_features.TestApoioCognitivo" name="test_concluir_lembrete" time="0.326" /><testcase classname="backend.tests.test_iteration20_features.TestBaseConhecimento" name="test_listar_artigos" time="0.124" /><testcase classname="backend.tests.test_iteration20_features.TestBaseConhecimento" name="test_criar_artigo" time="0.138" /><testcase classname="backend.tests.test_iteration20_features.TestBaseConhecimento" name="test_visualizar_artigo" time="0.323" /><testcase classname="backend.tests.test_iteration20_features.TestReembolsos" name="test_listar_reembolsos" time="0.111" /><testcase classname="backend.tests.test_iteration20_features.TestReembolsos" name="test_dashboard_reembolsos" time="0.105" /><testcase classname="backend.tests.test_iteration20_features.TestReembolsos" name="test_motivos_reembolso" time="0.108" /><testcase classname="backend.tests.test_iteration20_features.TestPendencias" name="test_listar_pendencias" time="0.119" /><testcase classname="backend.tests.test_iteration20_features.TestPendencias" name="test_dashboard_pendencias" time="0.104" /><testcase classname="backend.tests.test_iteration20_features.TestContatos" name="test_tipos_contato" time="0.103" /><testcase classname="backend.tests.test_iteration20_features.TestContatos" name="test_resultados_contato" time="0.101" /><testcase classname="backend.tests.test_iteration20_features.TestContatos" name="test_motivos_contato" time="0.115" /><testcase classname="backend.tests.test_iteration20_features.TestDashboardPrincipal" name="test_resumo_pedidos" time="0.181" /></testsuite></testsuites>