<?xml version="1.0" encoding="utf-8"?><testsuites name="pytest tests"><testsuite name="pytest" errors="0" failures="0" skipped="0" tests="32" time="5.297" timestamp="2026-02-23T13:21:48.268918+00:00" hostname="agent-env-07f9a78f-0954-4102-8d7c-fa794c9a2106"><testcase classname="backend.tests.test_contatos_api.TestAuthentication" name="test_admin_login" time="0.368" /><testcase classname="backend.tests.test_contatos_api.TestAuthentication" name="test_assistente_login" time="0.278" /><testcase classname="backend.tests.test_contatos_api.TestAuthentication" name="test_consultor_login" time="0.282" /><testcase classname="backend.tests.test_contatos_api.TestReferenceEndpoints" name="test_listar_tipos_contato" time="0.395" /><testcase classname="backend.tests.test_contatos_api.TestReferenceEndpoints" name="test_listar_resultados_contato" time="0.069" /><testcase classname="backend.tests.test_contatos_api.TestReferenceEndpoints" name="test_listar_motivos_contato" time="0.058" /><testcase classname="backend.tests.test_contatos_api.TestReferenceEndpoints" name="test_reference_endpoints_require_auth" time="0.300" /><testcase classname="backend.tests.test_contatos_api.TestStatisticsEndpoints" name="test_obter_estatisticas" time="0.089" /><testcase classname="backend.tests.test_contatos_api.TestStatisticsEndpoints" name="test_obter_retornos_pendentes" time="0.069" /><testcase classname="backend.tests.test_contatos_api.TestStatisticsEndpoints" name="test_retornos_with_limit" time="0.059" /><testcase classname="backend.tests.test_contatos_api.TestContatoCRUD" name="test_registrar_contato_success" time="0.142" /><testcase classname="backend.tests.test_contatos_api.TestContatoCRUD" name="test_registrar_contato_with_retorno" time="0.060" /><testcase classname="backend.tests.test_contatos_api.TestContatoCRUD" name="test_registrar_contato_invalid_tipo" time="0.062" /><testcase classname="backend.tests.test_contatos_api.TestContatoCRUD" name="test_registrar_contato_invalid_resultado" time="0.059" /><testcase classname="backend.tests.test_contatos_api.TestContatoCRUD" name="test_registrar_contato_invalid_motivo" time="0.054" /><testcase classname="backend.tests.test_contatos_api.TestContatoCRUD" name="test_registrar_contato_descricao_too_short" time="0.071" /><testcase classname="backend.tests.test_contatos_api.TestContatoCRUD" name="test_listar_contatos_pedido" time="0.123" /><testcase classname="backend.tests.test_contatos_api.TestContatoCRUD" name="test_listar_contatos_pedido_with_filters" time="0.128" /><testcase classname="backend.tests.test_contatos_api.TestContatoCRUD" name="test_buscar_contato_por_id" time="0.127" /><testcase classname="backend.tests.test_contatos_api.TestContatoCRUD" name="test_buscar_contato_not_found" time="0.061" /><testcase classname="backend.tests.test_contatos_api.TestContatoCRUD" name="test_atualizar_contato" time="0.197" /><testcase classname="backend.tests.test_contatos_api.TestContatoCRUD" name="test_atualizar_contato_resultado" time="0.129" /><testcase classname="backend.tests.test_contatos_api.TestContatoCRUD" name="test_atualizar_contato_not_found" time="0.056" /><testcase classname="backend.tests.test_contatos_api.TestRetornoWorkflow" name="test_marcar_retorno_realizado" time="0.185" /><testcase classname="backend.tests.test_contatos_api.TestRetornoWorkflow" name="test_marcar_retorno_sem_agendamento" time="0.320" /><testcase classname="backend.tests.test_contatos_api.TestDeletePermissions" name="test_admin_can_delete" time="0.197" /><testcase classname="backend.tests.test_contatos_api.TestDeletePermissions" name="test_assistente_cannot_delete" time="0.546" /><testcase classname="backend.tests.test_contatos_api.TestDeletePermissions" name="test_consultor_cannot_delete" time="0.462" /><testcase classname="backend.tests.test_contatos_api.TestDeletePermissions" name="test_delete_not_found" time="0.055" /><testcase classname="backend.tests.test_contatos_api.TestAssistenteAccess" name="test_assistente_can_list_tipos" time="0.088" /><testcase classname="backend.tests.test_contatos_api.TestAssistenteAccess" name="test_assistente_can_get_stats" time="0.068" /><testcase classname="backend.tests.test_contatos_api.TestAssistenteAccess" name="test_assistente_can_create_contato" time="0.070" /></testsuite></testsuites>