<?xml version="1.0" encoding="utf-8"?><testsuites name="pytest tests"><testsuite name="pytest" errors="31" failures="0" skipped="0" tests="40" time="2.780" timestamp="2026-02-23T15:17:38.679163+00:00" hostname="agent-env-f5a8e2a1-fb14-411e-aeac-acd631b21eda"><testcase classname="backend.tests.test_apoio_cognitivo.TestAuthentication" name="test_admin_login" time="0.468" /><testcase classname="backend.tests.test_apoio_cognitivo.TestAuthentication" name="test_assistente_login" time="0.358" /><testcase classname="backend.tests.test_apoio_cognitivo.TestAuthentication" name="test_unauthenticated_meu_dia" time="0.122" /><testcase classname="backend.tests.test_apoio_cognitivo.TestMeuDia" name="test_get_meu_dia" time="0.575" /><testcase classname="backend.tests.test_apoio_cognitivo.TestMeuDia" name="test_meu_dia_assistente" time="0.547" /><testcase classname="backend.tests.test_apoio_cognitivo.TestTarefas" name="test_create_tarefa" time="0.000"><error message="failed on setup with &quot;Failed: ScopeMismatch: You tried to access the function scoped fixture admin_headers with a class scoped request object. Requesting fixture stack:&#10;backend/tests/test_apoio_cognitivo.py:246:  def cleanup(admin_headers)&#10;Requested fixture:&#10;backend/tests/test_apoio_cognitivo.py:63:  def admin_headers(admin_token)&quot;">ScopeMismatch: You tried to access the function scoped fixture admin_headers with a class scoped request object. Requesting fixture stack:
backend/tests/test_apoio_cognitivo.py:246:  def cleanup(admin_headers)
Requested fixture:
backend/tests/test_apoio_cognitivo.py:63:  def admin_headers(admin_token)</error></testcase><testcase classname="backend.tests.test_apoio_cognitivo.TestTarefas" name="test_create_recurrent_tarefa" time="0.000"><error message="failed on setup with &quot;Failed: ScopeMismatch: You tried to access the function scoped fixture admin_headers with a class scoped request object. Requesting fixture stack:&#10;backend/tests/test_apoio_cognitivo.py:246:  def cleanup(admin_headers)&#10;Requested fixture:&#10;backend/tests/test_apoio_cognitivo.py:63:  def admin_headers(admin_token)&quot;">ScopeMismatch: You tried to access the function scoped fixture admin_headers with a class scoped request object. Requesting fixture stack:
backend/tests/test_apoio_cognitivo.py:246:  def cleanup(admin_headers)
Requested fixture:
backend/tests/test_apoio_cognitivo.py:63:  def admin_headers(admin_token)</error></testcase><testcase classname="backend.tests.test_apoio_cognitivo.TestTarefas" name="test_listar_tarefas" time="0.000"><error message="failed on setup with &quot;Failed: ScopeMismatch: You tried to access the function scoped fixture admin_headers with a class scoped request object. Requesting fixture stack:&#10;backend/tests/test_apoio_cognitivo.py:246:  def cleanup(admin_headers)&#10;Requested fixture:&#10;backend/tests/test_apoio_cognitivo.py:63:  def admin_headers(admin_token)&quot;">ScopeMismatch: You tried to access the function scoped fixture admin_headers with a class scoped request object. Requesting fixture stack:
backend/tests/test_apoio_cognitivo.py:246:  def cleanup(admin_headers)
Requested fixture:
backend/tests/test_apoio_cognitivo.py:63:  def admin_headers(admin_token)</error></testcase><testcase classname="backend.tests.test_apoio_cognitivo.TestTarefas" name="test_listar_tarefas_by_date" time="0.000"><error message="failed on setup with &quot;Failed: ScopeMismatch: You tried to access the function scoped fixture admin_headers with a class scoped request object. Requesting fixture stack:&#10;backend/tests/test_apoio_cognitivo.py:246:  def cleanup(admin_headers)&#10;Requested fixture:&#10;backend/tests/test_apoio_cognitivo.py:63:  def admin_headers(admin_token)&quot;">ScopeMismatch: You tried to access the function scoped fixture admin_headers with a class scoped request object. Requesting fixture stack:
backend/tests/test_apoio_cognitivo.py:246:  def cleanup(admin_headers)
Requested fixture:
backend/tests/test_apoio_cognitivo.py:63:  def admin_headers(admin_token)</error></testcase><testcase classname="backend.tests.test_apoio_cognitivo.TestTarefas" name="test_listar_tarefas_by_categoria" time="0.000"><error message="failed on setup with &quot;Failed: ScopeMismatch: You tried to access the function scoped fixture admin_headers with a class scoped request object. Requesting fixture stack:&#10;backend/tests/test_apoio_cognitivo.py:246:  def cleanup(admin_headers)&#10;Requested fixture:&#10;backend/tests/test_apoio_cognitivo.py:63:  def admin_headers(admin_token)&quot;">ScopeMismatch: You tried to access the function scoped fixture admin_headers with a class scoped request object. Requesting fixture stack:
backend/tests/test_apoio_cognitivo.py:246:  def cleanup(admin_headers)
Requested fixture:
backend/tests/test_apoio_cognitivo.py:63:  def admin_headers(admin_token)</error></testcase><testcase classname="backend.tests.test_apoio_cognitivo.TestTarefas" name="test_concluir_tarefa" time="0.000"><error message="failed on setup with &quot;Failed: ScopeMismatch: You tried to access the function scoped fixture admin_headers with a class scoped request object. Requesting fixture stack:&#10;backend/tests/test_apoio_cognitivo.py:246:  def cleanup(admin_headers)&#10;Requested fixture:&#10;backend/tests/test_apoio_cognitivo.py:63:  def admin_headers(admin_token)&quot;">ScopeMismatch: You tried to access the function scoped fixture admin_headers with a class scoped request object. Requesting fixture stack:
backend/tests/test_apoio_cognitivo.py:246:  def cleanup(admin_headers)
Requested fixture:
backend/tests/test_apoio_cognitivo.py:63:  def admin_headers(admin_token)</error></testcase><testcase classname="backend.tests.test_apoio_cognitivo.TestTarefas" name="test_concluir_tarefa_not_found" time="0.000"><error message="failed on setup with &quot;Failed: ScopeMismatch: You tried to access the function scoped fixture admin_headers with a class scoped request object. Requesting fixture stack:&#10;backend/tests/test_apoio_cognitivo.py:246:  def cleanup(admin_headers)&#10;Requested fixture:&#10;backend/tests/test_apoio_cognitivo.py:63:  def admin_headers(admin_token)&quot;">ScopeMismatch: You tried to access the function scoped fixture admin_headers with a class scoped request object. Requesting fixture stack:
backend/tests/test_apoio_cognitivo.py:246:  def cleanup(admin_headers)
Requested fixture:
backend/tests/test_apoio_cognitivo.py:63:  def admin_headers(admin_token)</error></testcase><testcase classname="backend.tests.test_apoio_cognitivo.TestTarefas" name="test_delete_tarefa" time="0.000"><error message="failed on setup with &quot;Failed: ScopeMismatch: You tried to access the function scoped fixture admin_headers with a class scoped request object. Requesting fixture stack:&#10;backend/tests/test_apoio_cognitivo.py:246:  def cleanup(admin_headers)&#10;Requested fixture:&#10;backend/tests/test_apoio_cognitivo.py:63:  def admin_headers(admin_token)&quot;">ScopeMismatch: You tried to access the function scoped fixture admin_headers with a class scoped request object. Requesting fixture stack:
backend/tests/test_apoio_cognitivo.py:246:  def cleanup(admin_headers)
Requested fixture:
backend/tests/test_apoio_cognitivo.py:63:  def admin_headers(admin_token)</error></testcase><testcase classname="backend.tests.test_apoio_cognitivo.TestTarefas" name="test_delete_tarefa_not_found" time="0.000"><error message="failed on setup with &quot;Failed: ScopeMismatch: You tried to access the function scoped fixture admin_headers with a class scoped request object. Requesting fixture stack:&#10;backend/tests/test_apoio_cognitivo.py:246:  def cleanup(admin_headers)&#10;Requested fixture:&#10;backend/tests/test_apoio_cognitivo.py:63:  def admin_headers(admin_token)&quot;">ScopeMismatch: You tried to access the function scoped fixture admin_headers with a class scoped request object. Requesting fixture stack:
backend/tests/test_apoio_cognitivo.py:246:  def cleanup(admin_headers)
Requested fixture:
backend/tests/test_apoio_cognitivo.py:63:  def admin_headers(admin_token)</error></testcase><testcase classname="backend.tests.test_apoio_cognitivo.TestLembretes" name="test_create_lembrete" time="0.000"><error message="failed on setup with &quot;Failed: ScopeMismatch: You tried to access the function scoped fixture admin_headers with a class scoped request object. Requesting fixture stack:&#10;backend/tests/test_apoio_cognitivo.py:360:  def cleanup(admin_headers)&#10;Requested fixture:&#10;backend/tests/test_apoio_cognitivo.py:63:  def admin_headers(admin_token)&quot;">ScopeMismatch: You tried to access the function scoped fixture admin_headers with a class scoped request object. Requesting fixture stack:
backend/tests/test_apoio_cognitivo.py:360:  def cleanup(admin_headers)
Requested fixture:
backend/tests/test_apoio_cognitivo.py:63:  def admin_headers(admin_token)</error></testcase><testcase classname="backend.tests.test_apoio_cognitivo.TestLembretes" name="test_create_lembrete_with_reference" time="0.000"><error message="failed on setup with &quot;Failed: ScopeMismatch: You tried to access the function scoped fixture admin_headers with a class scoped request object. Requesting fixture stack:&#10;backend/tests/test_apoio_cognitivo.py:360:  def cleanup(admin_headers)&#10;Requested fixture:&#10;backend/tests/test_apoio_cognitivo.py:63:  def admin_headers(admin_token)&quot;">ScopeMismatch: You tried to access the function scoped fixture admin_headers with a class scoped request object. Requesting fixture stack:
backend/tests/test_apoio_cognitivo.py:360:  def cleanup(admin_headers)
Requested fixture:
backend/tests/test_apoio_cognitivo.py:63:  def admin_headers(admin_token)</error></testcase><testcase classname="backend.tests.test_apoio_cognitivo.TestLembretes" name="test_listar_lembretes" time="0.000"><error message="failed on setup with &quot;Failed: ScopeMismatch: You tried to access the function scoped fixture admin_headers with a class scoped request object. Requesting fixture stack:&#10;backend/tests/test_apoio_cognitivo.py:360:  def cleanup(admin_headers)&#10;Requested fixture:&#10;backend/tests/test_apoio_cognitivo.py:63:  def admin_headers(admin_token)&quot;">ScopeMismatch: You tried to access the function scoped fixture admin_headers with a class scoped request object. Requesting fixture stack:
backend/tests/test_apoio_cognitivo.py:360:  def cleanup(admin_headers)
Requested fixture:
backend/tests/test_apoio_cognitivo.py:63:  def admin_headers(admin_token)</error></testcase><testcase classname="backend.tests.test_apoio_cognitivo.TestLembretes" name="test_listar_lembretes_pendentes" time="0.000"><error message="failed on setup with &quot;Failed: ScopeMismatch: You tried to access the function scoped fixture admin_headers with a class scoped request object. Requesting fixture stack:&#10;backend/tests/test_apoio_cognitivo.py:360:  def cleanup(admin_headers)&#10;Requested fixture:&#10;backend/tests/test_apoio_cognitivo.py:63:  def admin_headers(admin_token)&quot;">ScopeMismatch: You tried to access the function scoped fixture admin_headers with a class scoped request object. Requesting fixture stack:
backend/tests/test_apoio_cognitivo.py:360:  def cleanup(admin_headers)
Requested fixture:
backend/tests/test_apoio_cognitivo.py:63:  def admin_headers(admin_token)</error></testcase><testcase classname="backend.tests.test_apoio_cognitivo.TestLembretes" name="test_concluir_lembrete" time="0.000"><error message="failed on setup with &quot;Failed: ScopeMismatch: You tried to access the function scoped fixture admin_headers with a class scoped request object. Requesting fixture stack:&#10;backend/tests/test_apoio_cognitivo.py:360:  def cleanup(admin_headers)&#10;Requested fixture:&#10;backend/tests/test_apoio_cognitivo.py:63:  def admin_headers(admin_token)&quot;">ScopeMismatch: You tried to access the function scoped fixture admin_headers with a class scoped request object. Requesting fixture stack:
backend/tests/test_apoio_cognitivo.py:360:  def cleanup(admin_headers)
Requested fixture:
backend/tests/test_apoio_cognitivo.py:63:  def admin_headers(admin_token)</error></testcase><testcase classname="backend.tests.test_apoio_cognitivo.TestLembretes" name="test_concluir_lembrete_not_found" time="0.001"><error message="failed on setup with &quot;Failed: ScopeMismatch: You tried to access the function scoped fixture admin_headers with a class scoped request object. Requesting fixture stack:&#10;backend/tests/test_apoio_cognitivo.py:360:  def cleanup(admin_headers)&#10;Requested fixture:&#10;backend/tests/test_apoio_cognitivo.py:63:  def admin_headers(admin_token)&quot;">ScopeMismatch: You tried to access the function scoped fixture admin_headers with a class scoped request object. Requesting fixture stack:
backend/tests/test_apoio_cognitivo.py:360:  def cleanup(admin_headers)
Requested fixture:
backend/tests/test_apoio_cognitivo.py:63:  def admin_headers(admin_token)</error></testcase><testcase classname="backend.tests.test_apoio_cognitivo.TestLembretes" name="test_delete_lembrete" time="0.000"><error message="failed on setup with &quot;Failed: ScopeMismatch: You tried to access the function scoped fixture admin_headers with a class scoped request object. Requesting fixture stack:&#10;backend/tests/test_apoio_cognitivo.py:360:  def cleanup(admin_headers)&#10;Requested fixture:&#10;backend/tests/test_apoio_cognitivo.py:63:  def admin_headers(admin_token)&quot;">ScopeMismatch: You tried to access the function scoped fixture admin_headers with a class scoped request object. Requesting fixture stack:
backend/tests/test_apoio_cognitivo.py:360:  def cleanup(admin_headers)
Requested fixture:
backend/tests/test_apoio_cognitivo.py:63:  def admin_headers(admin_token)</error></testcase><testcase classname="backend.tests.test_apoio_cognitivo.TestBaseConhecimento" name="test_get_categorias" time="0.000"><error message="failed on setup with &quot;Failed: ScopeMismatch: You tried to access the function scoped fixture admin_headers with a class scoped request object. Requesting fixture stack:&#10;backend/tests/test_apoio_cognitivo.py:585:  def cleanup(admin_headers)&#10;Requested fixture:&#10;backend/tests/test_apoio_cognitivo.py:63:  def admin_headers(admin_token)&quot;">ScopeMismatch: You tried to access the function scoped fixture admin_headers with a class scoped request object. Requesting fixture stack:
backend/tests/test_apoio_cognitivo.py:585:  def cleanup(admin_headers)
Requested fixture:
backend/tests/test_apoio_cognitivo.py:63:  def admin_headers(admin_token)</error></testcase><testcase classname="backend.tests.test_apoio_cognitivo.TestBaseConhecimento" name="test_create_artigo_admin" time="0.000"><error message="failed on setup with &quot;Failed: ScopeMismatch: You tried to access the function scoped fixture admin_headers with a class scoped request object. Requesting fixture stack:&#10;backend/tests/test_apoio_cognitivo.py:585:  def cleanup(admin_headers)&#10;Requested fixture:&#10;backend/tests/test_apoio_cognitivo.py:63:  def admin_headers(admin_token)&quot;">ScopeMismatch: You tried to access the function scoped fixture admin_headers with a class scoped request object. Requesting fixture stack:
backend/tests/test_apoio_cognitivo.py:585:  def cleanup(admin_headers)
Requested fixture:
backend/tests/test_apoio_cognitivo.py:63:  def admin_headers(admin_token)</error></testcase><testcase classname="backend.tests.test_apoio_cognitivo.TestBaseConhecimento" name="test_create_artigo_assistente_forbidden" time="0.000"><error message="failed on setup with &quot;Failed: ScopeMismatch: You tried to access the function scoped fixture admin_headers with a class scoped request object. Requesting fixture stack:&#10;backend/tests/test_apoio_cognitivo.py:585:  def cleanup(admin_headers)&#10;Requested fixture:&#10;backend/tests/test_apoio_cognitivo.py:63:  def admin_headers(admin_token)&quot;">ScopeMismatch: You tried to access the function scoped fixture admin_headers with a class scoped request object. Requesting fixture stack:
backend/tests/test_apoio_cognitivo.py:585:  def cleanup(admin_headers)
Requested fixture:
backend/tests/test_apoio_cognitivo.py:63:  def admin_headers(admin_token)</error></testcase><testcase classname="backend.tests.test_apoio_cognitivo.TestBaseConhecimento" name="test_listar_artigos" time="0.000"><error message="failed on setup with &quot;Failed: ScopeMismatch: You tried to access the function scoped fixture admin_headers with a class scoped request object. Requesting fixture stack:&#10;backend/tests/test_apoio_cognitivo.py:585:  def cleanup(admin_headers)&#10;Requested fixture:&#10;backend/tests/test_apoio_cognitivo.py:63:  def admin_headers(admin_token)&quot;">ScopeMismatch: You tried to access the function scoped fixture admin_headers with a class scoped request object. Requesting fixture stack:
backend/tests/test_apoio_cognitivo.py:585:  def cleanup(admin_headers)
Requested fixture:
backend/tests/test_apoio_cognitivo.py:63:  def admin_headers(admin_token)</error></testcase><testcase classname="backend.tests.test_apoio_cognitivo.TestBaseConhecimento" name="test_listar_artigos_by_categoria" time="0.000"><error message="failed on setup with &quot;Failed: ScopeMismatch: You tried to access the function scoped fixture admin_headers with a class scoped request object. Requesting fixture stack:&#10;backend/tests/test_apoio_cognitivo.py:585:  def cleanup(admin_headers)&#10;Requested fixture:&#10;backend/tests/test_apoio_cognitivo.py:63:  def admin_headers(admin_token)&quot;">ScopeMismatch: You tried to access the function scoped fixture admin_headers with a class scoped request object. Requesting fixture stack:
backend/tests/test_apoio_cognitivo.py:585:  def cleanup(admin_headers)
Requested fixture:
backend/tests/test_apoio_cognitivo.py:63:  def admin_headers(admin_token)</error></testcase><testcase classname="backend.tests.test_apoio_cognitivo.TestBaseConhecimento" name="test_listar_artigos_busca" time="0.000"><error message="failed on setup with &quot;Failed: ScopeMismatch: You tried to access the function scoped fixture admin_headers with a class scoped request object. Requesting fixture stack:&#10;backend/tests/test_apoio_cognitivo.py:585:  def cleanup(admin_headers)&#10;Requested fixture:&#10;backend/tests/test_apoio_cognitivo.py:63:  def admin_headers(admin_token)&quot;">ScopeMismatch: You tried to access the function scoped fixture admin_headers with a class scoped request object. Requesting fixture stack:
backend/tests/test_apoio_cognitivo.py:585:  def cleanup(admin_headers)
Requested fixture:
backend/tests/test_apoio_cognitivo.py:63:  def admin_headers(admin_token)</error></testcase><testcase classname="backend.tests.test_apoio_cognitivo.TestBaseConhecimento" name="test_listar_artigos_destaque" time="0.000"><error message="failed on setup with &quot;Failed: ScopeMismatch: You tried to access the function scoped fixture admin_headers with a class scoped request object. Requesting fixture stack:&#10;backend/tests/test_apoio_cognitivo.py:585:  def cleanup(admin_headers)&#10;Requested fixture:&#10;backend/tests/test_apoio_cognitivo.py:63:  def admin_headers(admin_token)&quot;">ScopeMismatch: You tried to access the function scoped fixture admin_headers with a class scoped request object. Requesting fixture stack:
backend/tests/test_apoio_cognitivo.py:585:  def cleanup(admin_headers)
Requested fixture:
backend/tests/test_apoio_cognitivo.py:63:  def admin_headers(admin_token)</error></testcase><testcase classname="backend.tests.test_apoio_cognitivo.TestBaseConhecimento" name="test_buscar_artigo" time="0.000"><error message="failed on setup with &quot;Failed: ScopeMismatch: You tried to access the function scoped fixture admin_headers with a class scoped request object. Requesting fixture stack:&#10;backend/tests/test_apoio_cognitivo.py:585:  def cleanup(admin_headers)&#10;Requested fixture:&#10;backend/tests/test_apoio_cognitivo.py:63:  def admin_headers(admin_token)&quot;">ScopeMismatch: You tried to access the function scoped fixture admin_headers with a class scoped request object. Requesting fixture stack:
backend/tests/test_apoio_cognitivo.py:585:  def cleanup(admin_headers)
Requested fixture:
backend/tests/test_apoio_cognitivo.py:63:  def admin_headers(admin_token)</error></testcase><testcase classname="backend.tests.test_apoio_cognitivo.TestBaseConhecimento" name="test_buscar_artigo_not_found" time="0.000"><error message="failed on setup with &quot;Failed: ScopeMismatch: You tried to access the function scoped fixture admin_headers with a class scoped request object. Requesting fixture stack:&#10;backend/tests/test_apoio_cognitivo.py:585:  def cleanup(admin_headers)&#10;Requested fixture:&#10;backend/tests/test_apoio_cognitivo.py:63:  def admin_headers(admin_token)&quot;">ScopeMismatch: You tried to access the function scoped fixture admin_headers with a class scoped request object. Requesting fixture stack:
backend/tests/test_apoio_cognitivo.py:585:  def cleanup(admin_headers)
Requested fixture:
backend/tests/test_apoio_cognitivo.py:63:  def admin_headers(admin_token)</error></testcase><testcase classname="backend.tests.test_apoio_cognitivo.TestBaseConhecimento" name="test_assistente_can_view_artigo" time="0.000"><error message="failed on setup with &quot;Failed: ScopeMismatch: You tried to access the function scoped fixture admin_headers with a class scoped request object. Requesting fixture stack:&#10;backend/tests/test_apoio_cognitivo.py:585:  def cleanup(admin_headers)&#10;Requested fixture:&#10;backend/tests/test_apoio_cognitivo.py:63:  def admin_headers(admin_token)&quot;">ScopeMismatch: You tried to access the function scoped fixture admin_headers with a class scoped request object. Requesting fixture stack:
backend/tests/test_apoio_cognitivo.py:585:  def cleanup(admin_headers)
Requested fixture:
backend/tests/test_apoio_cognitivo.py:63:  def admin_headers(admin_token)</error></testcase><testcase classname="backend.tests.test_apoio_cognitivo.TestBaseConhecimento" name="test_update_artigo_admin" time="0.000"><error message="failed on setup with &quot;Failed: ScopeMismatch: You tried to access the function scoped fixture admin_headers with a class scoped request object. Requesting fixture stack:&#10;backend/tests/test_apoio_cognitivo.py:585:  def cleanup(admin_headers)&#10;Requested fixture:&#10;backend/tests/test_apoio_cognitivo.py:63:  def admin_headers(admin_token)&quot;">ScopeMismatch: You tried to access the function scoped fixture admin_headers with a class scoped request object. Requesting fixture stack:
backend/tests/test_apoio_cognitivo.py:585:  def cleanup(admin_headers)
Requested fixture:
backend/tests/test_apoio_cognitivo.py:63:  def admin_headers(admin_token)</error></testcase><testcase classname="backend.tests.test_apoio_cognitivo.TestBaseConhecimento" name="test_update_artigo_assistente_forbidden" time="0.000"><error message="failed on setup with &quot;Failed: ScopeMismatch: You tried to access the function scoped fixture admin_headers with a class scoped request object. Requesting fixture stack:&#10;backend/tests/test_apoio_cognitivo.py:585:  def cleanup(admin_headers)&#10;Requested fixture:&#10;backend/tests/test_apoio_cognitivo.py:63:  def admin_headers(admin_token)&quot;">ScopeMismatch: You tried to access the function scoped fixture admin_headers with a class scoped request object. Requesting fixture stack:
backend/tests/test_apoio_cognitivo.py:585:  def cleanup(admin_headers)
Requested fixture:
backend/tests/test_apoio_cognitivo.py:63:  def admin_headers(admin_token)</error></testcase><testcase classname="backend.tests.test_apoio_cognitivo.TestBaseConhecimento" name="test_delete_artigo_assistente_forbidden" time="0.000"><error message="failed on setup with &quot;Failed: ScopeMismatch: You tried to access the function scoped fixture admin_headers with a class scoped request object. Requesting fixture stack:&#10;backend/tests/test_apoio_cognitivo.py:585:  def cleanup(admin_headers)&#10;Requested fixture:&#10;backend/tests/test_apoio_cognitivo.py:63:  def admin_headers(admin_token)&quot;">ScopeMismatch: You tried to access the function scoped fixture admin_headers with a class scoped request object. Requesting fixture stack:
backend/tests/test_apoio_cognitivo.py:585:  def cleanup(admin_headers)
Requested fixture:
backend/tests/test_apoio_cognitivo.py:63:  def admin_headers(admin_token)</error></testcase><testcase classname="backend.tests.test_apoio_cognitivo.TestBaseConhecimento" name="test_delete_artigo_admin" time="0.000"><error message="failed on setup with &quot;Failed: ScopeMismatch: You tried to access the function scoped fixture admin_headers with a class scoped request object. Requesting fixture stack:&#10;backend/tests/test_apoio_cognitivo.py:585:  def cleanup(admin_headers)&#10;Requested fixture:&#10;backend/tests/test_apoio_cognitivo.py:63:  def admin_headers(admin_token)&quot;">ScopeMismatch: You tried to access the function scoped fixture admin_headers with a class scoped request object. Requesting fixture stack:
backend/tests/test_apoio_cognitivo.py:585:  def cleanup(admin_headers)
Requested fixture:
backend/tests/test_apoio_cognitivo.py:63:  def admin_headers(admin_token)</error></testcase><testcase classname="backend.tests.test_apoio_cognitivo.TestBaseConhecimento" name="test_delete_artigo_not_found" time="0.000"><error message="failed on setup with &quot;Failed: ScopeMismatch: You tried to access the function scoped fixture admin_headers with a class scoped request object. Requesting fixture stack:&#10;backend/tests/test_apoio_cognitivo.py:585:  def cleanup(admin_headers)&#10;Requested fixture:&#10;backend/tests/test_apoio_cognitivo.py:63:  def admin_headers(admin_token)&quot;">ScopeMismatch: You tried to access the function scoped fixture admin_headers with a class scoped request object. Requesting fixture stack:
backend/tests/test_apoio_cognitivo.py:585:  def cleanup(admin_headers)
Requested fixture:
backend/tests/test_apoio_cognitivo.py:63:  def admin_headers(admin_token)</error></testcase><testcase classname="backend.tests.test_apoio_cognitivo.TestValidation" name="test_tarefa_titulo_required" time="0.140" /><testcase classname="backend.tests.test_apoio_cognitivo.TestValidation" name="test_tarefa_titulo_min_length" time="0.113" /><testcase classname="backend.tests.test_apoio_cognitivo.TestValidation" name="test_artigo_conteudo_min_length" time="0.162" /><testcase classname="backend.tests.test_apoio_cognitivo.TestValidation" name="test_lembrete_data_required" time="0.113" /></testsuite></testsuites>