<?xml version="1.0" encoding="utf-8"?><testsuites name="pytest tests"><testsuite name="pytest" errors="0" failures="0" skipped="0" tests="10" time="1.719" timestamp="2026-03-11T14:10:35.884445+00:00" hostname="agent-env-4ac400cf-86d3-4fd0-9522-8936bc5daae9"><testcase classname="backend.tests.test_produtividade_api.TestProdutividadeDashboard" name="test_dashboard_default_period" time="0.276" /><testcase classname="backend.tests.test_produtividade_api.TestProdutividadeDashboard" name="test_dashboard_7d_period" time="0.119" /><testcase classname="backend.tests.test_produtividade_api.TestProdutividadeDashboard" name="test_dashboard_15d_period" time="0.121" /><testcase classname="backend.tests.test_produtividade_api.TestProdutividadeDashboard" name="test_dashboard_90d_period" time="0.158" /><testcase classname="backend.tests.test_produtividade_api.TestProdutividadeDashboard" name="test_dashboard_all_period" time="0.138" /><testcase classname="backend.tests.test_produtividade_api.TestProdutividadeDashboard" name="test_membros_data_structure" time="0.161" /><testcase classname="backend.tests.test_produtividade_api.TestProdutividadeDashboard" name="test_membros_sorted_by_total_acoes" time="0.142" /><testcase classname="backend.tests.test_produtividade_api.TestProdutividadeDashboard" name="test_evolucao_diaria_structure" time="0.145" /><testcase classname="backend.tests.test_produtividade_api.TestProdutividadeDashboard" name="test_invalid_period_defaults_to_30d" time="0.186" /><testcase classname="backend.tests.test_produtividade_api.TestProdutividadeHealth" name="test_api_health" time="0.142" /></testsuite></testsuites>