<?xml version="1.0" encoding="utf-8"?><testsuites name="pytest tests"><testsuite name="pytest" errors="0" failures="0" skipped="0" tests="26" time="4.802" timestamp="2026-01-19T15:22:42.393190+00:00" hostname="agent-env-cd4d25d6-ceb3-4cdf-ac9b-93eb7efe01b6"><testcase classname="tests.test_importacao_api.TestHealthEndpoints" name="test_api_root" time="0.070" /><testcase classname="tests.test_importacao_api.TestHealthEndpoints" name="test_health_endpoint" time="0.036" /><testcase classname="tests.test_importacao_api.TestAuthentication" name="test_admin_login" time="0.273" /><testcase classname="tests.test_importacao_api.TestAuthentication" name="test_assistente_login" time="0.273" /><testcase classname="tests.test_importacao_api.TestAuthentication" name="test_consultor_login" time="0.267" /><testcase classname="tests.test_importacao_api.TestAuthentication" name="test_invalid_login" time="0.044" /><testcase classname="tests.test_importacao_api.TestImportacaoTemplate" name="test_download_template_returns_excel" time="0.041" /><testcase classname="tests.test_importacao_api.TestImportacaoTemplate" name="test_template_is_valid_xlsx" time="0.039" /><testcase classname="tests.test_importacao_api.TestImportacaoValidar" name="test_validar_requires_auth" time="0.034" /><testcase classname="tests.test_importacao_api.TestImportacaoValidar" name="test_validar_requires_curso_id" time="0.346" /><testcase classname="tests.test_importacao_api.TestImportacaoValidar" name="test_validar_invalid_file_format" time="0.353" /><testcase classname="tests.test_importacao_api.TestImportacaoValidar" name="test_validar_missing_columns" time="0.377" /><testcase classname="tests.test_importacao_api.TestImportacaoValidar" name="test_validar_valid_csv" time="0.348" /><testcase classname="tests.test_importacao_api.TestImportacaoValidar" name="test_validar_detects_invalid_cpf" time="0.335" /><testcase classname="tests.test_importacao_api.TestImportacaoExecutar" name="test_executar_requires_auth" time="0.035" /><testcase classname="tests.test_importacao_api.TestImportacaoExecutar" name="test_executar_requires_curso_params" time="0.308" /><testcase classname="tests.test_importacao_api.TestDashboardAnalytics" name="test_analytics_requires_auth" time="0.035" /><testcase classname="tests.test_importacao_api.TestDashboardAnalytics" name="test_analytics_admin_access" time="0.312" /><testcase classname="tests.test_importacao_api.TestDashboardAnalytics" name="test_analytics_funil_structure" time="0.306" /><testcase classname="tests.test_importacao_api.TestDashboardAnalytics" name="test_analytics_consultor_access" time="0.328" /><testcase classname="tests.test_importacao_api.TestAuxiliaryEndpoints" name="test_list_cursos" time="0.037" /><testcase classname="tests.test_importacao_api.TestAuxiliaryEndpoints" name="test_list_projetos" time="0.039" /><testcase classname="tests.test_importacao_api.TestAuxiliaryEndpoints" name="test_list_empresas" time="0.034" /><testcase classname="tests.test_importacao_api.TestAuxiliaryEndpoints" name="test_list_status_pedido" time="0.032" /><testcase classname="tests.test_importacao_api.TestDashboardEndpoint" name="test_dashboard_requires_auth" time="0.032" /><testcase classname="tests.test_importacao_api.TestDashboardEndpoint" name="test_dashboard_returns_data" time="0.318" /></testsuite></testsuites>