<?xml version="1.0" encoding="utf-8"?><testsuites name="pytest tests"><testsuite name="pytest" errors="0" failures="0" skipped="0" tests="23" time="7.386" timestamp="2026-03-09T15:34:26.931799+00:00" hostname="agent-env-cb1d917e-5b8d-43b0-b013-b7143504d7fa"><testcase classname="backend.tests.test_audit_production.TestAuth" name="test_login_usuario_oficial" time="0.433" /><testcase classname="backend.tests.test_audit_production.TestAuth" name="test_auth_me" time="0.584" /><testcase classname="backend.tests.test_audit_production.TestHealthAndBasics" name="test_health_endpoint" time="0.107" /><testcase classname="backend.tests.test_audit_production.TestHealthAndBasics" name="test_root_endpoint" time="0.113" /><testcase classname="backend.tests.test_audit_production.TestPedidos" name="test_listar_pedidos_paginado" time="0.481" /><testcase classname="backend.tests.test_audit_production.TestPedidos" name="test_verificar_quantidade_pedidos" time="0.113" /><testcase classname="backend.tests.test_audit_production.TestPedidos" name="test_dashboard_pedidos" time="0.126" /><testcase classname="backend.tests.test_audit_production.TestPedidos" name="test_analytics_pedidos" time="0.128" /><testcase classname="backend.tests.test_audit_production.TestReembolsos" name="test_listar_reembolsos" time="0.498" /><testcase classname="backend.tests.test_audit_production.TestReembolsos" name="test_verificar_quantidade_reembolsos" time="0.114" /><testcase classname="backend.tests.test_audit_production.TestReembolsos" name="test_dashboard_reembolsos" time="0.139" /><testcase classname="backend.tests.test_audit_production.TestPendencias" name="test_dashboard_pendencias" time="0.474" /><testcase classname="backend.tests.test_audit_production.TestDadosAuxiliares" name="test_listar_cursos" time="0.392" /><testcase classname="backend.tests.test_audit_production.TestDadosAuxiliares" name="test_listar_projetos" time="0.118" /><testcase classname="backend.tests.test_audit_production.TestDadosAuxiliares" name="test_listar_empresas" time="0.138" /><testcase classname="backend.tests.test_audit_production.TestDadosAuxiliares" name="test_status_pedido" time="0.126" /><testcase classname="backend.tests.test_audit_production.TestImportacao" name="test_download_template" time="0.953" /><testcase classname="backend.tests.test_audit_production.TestAssistenteTOTVS" name="test_buscar_pedido_por_protocolo" time="0.661" /><testcase classname="backend.tests.test_audit_production.TestFormatadorPlanilhas" name="test_formatador_endpoint_exists" time="0.341" /><testcase classname="backend.tests.test_audit_production.TestExportacaoTOTVS" name="test_exportar_totvs" time="0.517" /><testcase classname="backend.tests.test_audit_production.TestMenuItems" name="test_documentos_bi" time="0.491" /><testcase classname="backend.tests.test_audit_production.TestMenuItems" name="test_contatos_retornos" time="0.115" /><testcase classname="backend.tests.test_audit_production.TestMenuItems" name="test_contatos_stats" time="0.145" /></testsuite></testsuites>