<?xml version="1.0" encoding="utf-8"?><testsuites name="pytest tests"><testsuite name="pytest" errors="0" failures="0" skipped="0" tests="25" time="4.824" timestamp="2026-02-23T12:41:47.071074+00:00" hostname="agent-env-07f9a78f-0954-4102-8d7c-fa794c9a2106"><testcase classname="backend.tests.test_documentos_api.TestReferencEndpoints" name="test_get_tipos_documento" time="0.461" /><testcase classname="backend.tests.test_documentos_api.TestReferencEndpoints" name="test_get_status_documento" time="0.101" /><testcase classname="backend.tests.test_documentos_api.TestReferencEndpoints" name="test_get_prioridades" time="0.098" /><testcase classname="backend.tests.test_documentos_api.TestStatisticsEndpoints" name="test_get_stats_resumo" time="0.107" /><testcase classname="backend.tests.test_documentos_api.TestStatisticsEndpoints" name="test_get_stats_por_tipo" time="0.112" /><testcase classname="backend.tests.test_documentos_api.TestStatisticsEndpoints" name="test_get_stats_vencendo" time="0.106" /><testcase classname="backend.tests.test_documentos_api.TestBIDashboardEndpoints" name="test_get_bi_matriculas" time="0.100" /><testcase classname="backend.tests.test_documentos_api.TestBIDashboardEndpoints" name="test_get_bi_evolucao" time="0.151" /><testcase classname="backend.tests.test_documentos_api.TestBIDashboardEndpoints" name="test_get_bi_reembolsos" time="0.098" /><testcase classname="backend.tests.test_documentos_api.TestBIDashboardEndpoints" name="test_get_bi_pendencias" time="0.109" /><testcase classname="backend.tests.test_documentos_api.TestBIDashboardEndpoints" name="test_get_bi_completo" time="0.118" /><testcase classname="backend.tests.test_documentos_api.TestCRUDOperations" name="test_criar_pendencia" time="0.229" /><testcase classname="backend.tests.test_documentos_api.TestCRUDOperations" name="test_criar_pendencias_padrao" time="0.109" /><testcase classname="backend.tests.test_documentos_api.TestCRUDOperations" name="test_listar_pendencias_pedido" time="0.127" /><testcase classname="backend.tests.test_documentos_api.TestCRUDOperations" name="test_buscar_pendencia_por_id" time="0.220" /><testcase classname="backend.tests.test_documentos_api.TestCRUDOperations" name="test_buscar_pendencia_inexistente" time="0.095" /><testcase classname="backend.tests.test_documentos_api.TestDocumentWorkflow" name="test_enviar_documento" time="0.225" /><testcase classname="backend.tests.test_documentos_api.TestDocumentWorkflow" name="test_enviar_documento_ja_enviado" time="0.336" /><testcase classname="backend.tests.test_documentos_api.TestDocumentWorkflow" name="test_validar_aprovar_documento" time="0.301" /><testcase classname="backend.tests.test_documentos_api.TestDocumentWorkflow" name="test_validar_recusar_documento" time="0.340" /><testcase classname="backend.tests.test_documentos_api.TestDocumentWorkflow" name="test_validar_recusar_sem_motivo" time="0.310" /><testcase classname="backend.tests.test_documentos_api.TestDocumentWorkflow" name="test_validar_documento_nao_enviado" time="0.222" /><testcase classname="backend.tests.test_documentos_api.TestValidationQueue" name="test_get_fila_validacao" time="0.134" /><testcase classname="backend.tests.test_documentos_api.TestAuthentication" name="test_endpoint_requires_auth" time="0.119" /><testcase classname="backend.tests.test_documentos_api.TestAuthentication" name="test_assistente_can_access" time="0.433" /></testsuite></testsuites>