<?xml version="1.0" encoding="utf-8"?><testsuites name="pytest tests"><testsuite name="pytest" errors="0" failures="0" skipped="0" tests="20" time="2.611" timestamp="2026-01-22T12:59:57.112472+00:00" hostname="agent-env-4cdc12a3-dca8-4699-be28-11659c2894a0"><testcase classname="tests.test_reembolsos_api.TestReembolsosAPI" name="test_admin_login" time="0.352" /><testcase classname="tests.test_reembolsos_api.TestReembolsosAPI" name="test_assistente_login" time="0.273" /><testcase classname="tests.test_reembolsos_api.TestReembolsosAPI" name="test_get_motivos_reembolso" time="0.311" /><testcase classname="tests.test_reembolsos_api.TestReembolsosAPI" name="test_get_status_reembolso" time="0.036" /><testcase classname="tests.test_reembolsos_api.TestReembolsosAPI" name="test_get_dashboard" time="0.048" /><testcase classname="tests.test_reembolsos_api.TestReembolsosAPI" name="test_create_reembolso_sem_escolaridade" time="0.045" /><testcase classname="tests.test_reembolsos_api.TestReembolsosAPI" name="test_create_reembolso_desistencia" time="0.040" /><testcase classname="tests.test_reembolsos_api.TestReembolsosAPI" name="test_create_reembolso_invalid_motivo" time="0.035" /><testcase classname="tests.test_reembolsos_api.TestReembolsosAPI" name="test_list_reembolsos" time="0.042" /><testcase classname="tests.test_reembolsos_api.TestReembolsosAPI" name="test_list_reembolsos_filter_by_status" time="0.038" /><testcase classname="tests.test_reembolsos_api.TestReembolsosAPI" name="test_list_reembolsos_filter_by_motivo" time="0.045" /><testcase classname="tests.test_reembolsos_api.TestReembolsosAPI" name="test_get_reembolso_details" time="0.079" /><testcase classname="tests.test_reembolsos_api.TestReembolsosAPI" name="test_get_reembolso_not_found" time="0.038" /><testcase classname="tests.test_reembolsos_api.TestReembolsosAPI" name="test_update_reembolso_status" time="0.115" /><testcase classname="tests.test_reembolsos_api.TestReembolsosAPI" name="test_update_reembolso_dates" time="0.116" /><testcase classname="tests.test_reembolsos_api.TestReembolsosAPI" name="test_update_reembolso_invalid_status" time="0.077" /><testcase classname="tests.test_reembolsos_api.TestReembolsosAPI" name="test_update_to_pago_sets_data_pagamento" time="0.113" /><testcase classname="tests.test_reembolsos_api.TestReembolsosAPI" name="test_assistente_can_access_reembolsos" time="0.405" /><testcase classname="tests.test_reembolsos_api.TestReembolsosAPI" name="test_unauthorized_access" time="0.102" /><testcase classname="tests.test_reembolsos_api.TestReembolsosAPI" name="test_delete_reembolso_admin_only" time="0.161" /></testsuite></testsuites>