<?xml version="1.0" encoding="utf-8"?><testsuites name="pytest tests"><testsuite name="pytest" errors="0" failures="0" skipped="0" tests="20" time="2.519" timestamp="2026-01-22T14:53:59.941293+00:00" hostname="agent-env-292328d5-9f3e-4cb1-9476-55d23d6ca71e"><testcase classname="tests.test_reembolsos_api.TestReembolsosAPI" name="test_admin_login" time="0.351" /><testcase classname="tests.test_reembolsos_api.TestReembolsosAPI" name="test_assistente_login" time="0.264" /><testcase classname="tests.test_reembolsos_api.TestReembolsosAPI" name="test_get_motivos_reembolso" time="0.314" /><testcase classname="tests.test_reembolsos_api.TestReembolsosAPI" name="test_get_status_reembolso" time="0.046" /><testcase classname="tests.test_reembolsos_api.TestReembolsosAPI" name="test_get_dashboard" time="0.039" /><testcase classname="tests.test_reembolsos_api.TestReembolsosAPI" name="test_create_reembolso_sem_escolaridade" time="0.043" /><testcase classname="tests.test_reembolsos_api.TestReembolsosAPI" name="test_create_reembolso_desistencia" time="0.038" /><testcase classname="tests.test_reembolsos_api.TestReembolsosAPI" name="test_create_reembolso_invalid_motivo" time="0.039" /><testcase classname="tests.test_reembolsos_api.TestReembolsosAPI" name="test_list_reembolsos" time="0.037" /><testcase classname="tests.test_reembolsos_api.TestReembolsosAPI" name="test_list_reembolsos_filter_by_status" time="0.043" /><testcase classname="tests.test_reembolsos_api.TestReembolsosAPI" name="test_list_reembolsos_filter_by_motivo" time="0.035" /><testcase classname="tests.test_reembolsos_api.TestReembolsosAPI" name="test_get_reembolso_details" time="0.074" /><testcase classname="tests.test_reembolsos_api.TestReembolsosAPI" name="test_get_reembolso_not_found" time="0.034" /><testcase classname="tests.test_reembolsos_api.TestReembolsosAPI" name="test_update_reembolso_status" time="0.127" /><testcase classname="tests.test_reembolsos_api.TestReembolsosAPI" name="test_update_reembolso_dates" time="0.109" /><testcase classname="tests.test_reembolsos_api.TestReembolsosAPI" name="test_update_reembolso_invalid_status" time="0.070" /><testcase classname="tests.test_reembolsos_api.TestReembolsosAPI" name="test_update_to_pago_sets_data_pagamento" time="0.110" /><testcase classname="tests.test_reembolsos_api.TestReembolsosAPI" name="test_assistente_can_access_reembolsos" time="0.398" /><testcase classname="tests.test_reembolsos_api.TestReembolsosAPI" name="test_unauthorized_access" time="0.097" /><testcase classname="tests.test_reembolsos_api.TestReembolsosAPI" name="test_delete_reembolso_admin_only" time="0.137" /></testsuite></testsuites>