<?xml version="1.0" encoding="utf-8"?><testsuites name="pytest tests"><testsuite name="pytest" errors="0" failures="1" skipped="0" tests="25" time="5.040" timestamp="2026-02-23T12:41:00.134522+00:00" hostname="agent-env-07f9a78f-0954-4102-8d7c-fa794c9a2106"><testcase classname="backend.tests.test_documentos_api.TestReferencEndpoints" name="test_get_tipos_documento" time="0.623" /><testcase classname="backend.tests.test_documentos_api.TestReferencEndpoints" name="test_get_status_documento" time="0.120" /><testcase classname="backend.tests.test_documentos_api.TestReferencEndpoints" name="test_get_prioridades" time="0.096" /><testcase classname="backend.tests.test_documentos_api.TestStatisticsEndpoints" name="test_get_stats_resumo" time="0.103" /><testcase classname="backend.tests.test_documentos_api.TestStatisticsEndpoints" name="test_get_stats_por_tipo" time="0.101" /><testcase classname="backend.tests.test_documentos_api.TestStatisticsEndpoints" name="test_get_stats_vencendo" time="0.108" /><testcase classname="backend.tests.test_documentos_api.TestBIDashboardEndpoints" name="test_get_bi_matriculas" time="0.122" /><testcase classname="backend.tests.test_documentos_api.TestBIDashboardEndpoints" name="test_get_bi_evolucao" time="0.116" /><testcase classname="backend.tests.test_documentos_api.TestBIDashboardEndpoints" name="test_get_bi_reembolsos" time="0.113" /><testcase classname="backend.tests.test_documentos_api.TestBIDashboardEndpoints" name="test_get_bi_pendencias" time="0.116" /><testcase classname="backend.tests.test_documentos_api.TestBIDashboardEndpoints" name="test_get_bi_completo" time="0.111" /><testcase classname="backend.tests.test_documentos_api.TestCRUDOperations" name="test_criar_pendencia" time="0.242" /><testcase classname="backend.tests.test_documentos_api.TestCRUDOperations" name="test_criar_pendencias_padrao" time="0.129" /><testcase classname="backend.tests.test_documentos_api.TestCRUDOperations" name="test_listar_pendencias_pedido" time="0.106" /><testcase classname="backend.tests.test_documentos_api.TestCRUDOperations" name="test_buscar_pendencia_por_id" time="0.250" /><testcase classname="backend.tests.test_documentos_api.TestCRUDOperations" name="test_buscar_pendencia_inexistente" time="0.105" /><testcase classname="backend.tests.test_documentos_api.TestDocumentWorkflow" name="test_enviar_documento" time="0.266" /><testcase classname="backend.tests.test_documentos_api.TestDocumentWorkflow" name="test_enviar_documento_ja_enviado" time="0.316" /><testcase classname="backend.tests.test_documentos_api.TestDocumentWorkflow" name="test_validar_aprovar_documento" time="0.343" /><testcase classname="backend.tests.test_documentos_api.TestDocumentWorkflow" name="test_validar_recusar_documento" time="0.311" /><testcase classname="backend.tests.test_documentos_api.TestDocumentWorkflow" name="test_validar_recusar_sem_motivo" time="0.350" /><testcase classname="backend.tests.test_documentos_api.TestDocumentWorkflow" name="test_validar_documento_nao_enviado" time="0.099"><failure message="KeyError: 'id'">backend/tests/test_documentos_api.py:542: in test_validar_documento_nao_enviado
    pendencia_id = create_r.json()["id"]
                   ^^^^^^^^^^^^^^^^^^^^^
E   KeyError: 'id'</failure></testcase><testcase classname="backend.tests.test_documentos_api.TestValidationQueue" name="test_get_fila_validacao" time="0.101" /><testcase classname="backend.tests.test_documentos_api.TestAuthentication" name="test_endpoint_requires_auth" time="0.118" /><testcase classname="backend.tests.test_documentos_api.TestAuthentication" name="test_assistente_can_access" time="0.450" /></testsuite></testsuites>