<?xml version="1.0" encoding="utf-8"?><testsuites name="pytest tests"><testsuite name="pytest" errors="0" failures="2" skipped="0" tests="32" time="4.872" timestamp="2026-02-23T13:20:55.233078+00:00" hostname="agent-env-07f9a78f-0954-4102-8d7c-fa794c9a2106"><testcase classname="backend.tests.test_contatos_api.TestAuthentication" name="test_admin_login" time="0.467" /><testcase classname="backend.tests.test_contatos_api.TestAuthentication" name="test_assistente_login" time="0.307" /><testcase classname="backend.tests.test_contatos_api.TestAuthentication" name="test_consultor_login" time="0.288" /><testcase classname="backend.tests.test_contatos_api.TestReferenceEndpoints" name="test_listar_tipos_contato" time="0.389" /><testcase classname="backend.tests.test_contatos_api.TestReferenceEndpoints" name="test_listar_resultados_contato" time="0.058" /><testcase classname="backend.tests.test_contatos_api.TestReferenceEndpoints" name="test_listar_motivos_contato" time="0.059" /><testcase classname="backend.tests.test_contatos_api.TestReferenceEndpoints" name="test_reference_endpoints_require_auth" time="0.158" /><testcase classname="backend.tests.test_contatos_api.TestStatisticsEndpoints" name="test_obter_estatisticas" time="0.056" /><testcase classname="backend.tests.test_contatos_api.TestStatisticsEndpoints" name="test_obter_retornos_pendentes" time="0.063" /><testcase classname="backend.tests.test_contatos_api.TestStatisticsEndpoints" name="test_retornos_with_limit" time="0.052" /><testcase classname="backend.tests.test_contatos_api.TestContatoCRUD" name="test_registrar_contato_success" time="0.139" /><testcase classname="backend.tests.test_contatos_api.TestContatoCRUD" name="test_registrar_contato_with_retorno" time="0.055" /><testcase classname="backend.tests.test_contatos_api.TestContatoCRUD" name="test_registrar_contato_invalid_tipo" time="0.051" /><testcase classname="backend.tests.test_contatos_api.TestContatoCRUD" name="test_registrar_contato_invalid_resultado" time="0.049" /><testcase classname="backend.tests.test_contatos_api.TestContatoCRUD" name="test_registrar_contato_invalid_motivo" time="0.050" /><testcase classname="backend.tests.test_contatos_api.TestContatoCRUD" name="test_registrar_contato_descricao_too_short" time="0.054" /><testcase classname="backend.tests.test_contatos_api.TestContatoCRUD" name="test_listar_contatos_pedido" time="0.063" /><testcase classname="backend.tests.test_contatos_api.TestContatoCRUD" name="test_listar_contatos_pedido_with_filters" time="0.117" /><testcase classname="backend.tests.test_contatos_api.TestContatoCRUD" name="test_buscar_contato_por_id" time="0.107" /><testcase classname="backend.tests.test_contatos_api.TestContatoCRUD" name="test_buscar_contato_not_found" time="0.047" /><testcase classname="backend.tests.test_contatos_api.TestContatoCRUD" name="test_atualizar_contato" time="0.163" /><testcase classname="backend.tests.test_contatos_api.TestContatoCRUD" name="test_atualizar_contato_resultado" time="0.124" /><testcase classname="backend.tests.test_contatos_api.TestContatoCRUD" name="test_atualizar_contato_not_found" time="0.049" /><testcase classname="backend.tests.test_contatos_api.TestRetornoWorkflow" name="test_marcar_retorno_realizado" time="0.188" /><testcase classname="backend.tests.test_contatos_api.TestRetornoWorkflow" name="test_marcar_retorno_sem_agendamento" time="0.271" /><testcase classname="backend.tests.test_contatos_api.TestDeletePermissions" name="test_admin_can_delete" time="0.120"><failure message="assert 403 == 200&#10; +  where 403 = &lt;Response [403]&gt;.status_code">backend/tests/test_contatos_api.py:455: in test_admin_can_delete
    assert delete_response.status_code == 200
E   assert 403 == 200
E    +  where 403 = &lt;Response [403]&gt;.status_code</failure></testcase><testcase classname="backend.tests.test_contatos_api.TestDeletePermissions" name="test_assistente_cannot_delete" time="0.527" /><testcase classname="backend.tests.test_contatos_api.TestDeletePermissions" name="test_consultor_cannot_delete" time="0.451" /><testcase classname="backend.tests.test_contatos_api.TestDeletePermissions" name="test_delete_not_found" time="0.049"><failure message="assert 403 == 404&#10; +  where 403 = &lt;Response [403]&gt;.status_code">backend/tests/test_contatos_api.py:507: in test_delete_not_found
    assert response.status_code == 404
E   assert 403 == 404
E    +  where 403 = &lt;Response [403]&gt;.status_code</failure></testcase><testcase classname="backend.tests.test_contatos_api.TestAssistenteAccess" name="test_assistente_can_list_tipos" time="0.058" /><testcase classname="backend.tests.test_contatos_api.TestAssistenteAccess" name="test_assistente_can_get_stats" time="0.058" /><testcase classname="backend.tests.test_contatos_api.TestAssistenteAccess" name="test_assistente_can_create_contato" time="0.058" /></testsuite></testsuites>