<?xml version="1.0" encoding="utf-8"?><testsuites name="pytest tests"><testsuite name="pytest" errors="0" failures="0" skipped="0" tests="16" time="1.985" timestamp="2026-02-27T15:48:21.734734+00:00" hostname="agent-env-4a745b49-20b1-45cb-b97d-e54c8e00d735"><testcase classname="backend.tests.test_cancelamento_api.TestCancelamentoTipos" name="test_listar_tipos_cancelamento_success" time="0.139" /><testcase classname="backend.tests.test_cancelamento_api.TestCancelamentoResponsabilidades" name="test_listar_responsabilidades_success" time="0.142" /><testcase classname="backend.tests.test_cancelamento_api.TestCancelamentoDocumentos" name="test_listar_documentos_escolaridade_success" time="0.111" /><testcase classname="backend.tests.test_cancelamento_api.TestCancelamentoDocumentos" name="test_get_documento_especifico_success" time="0.110" /><testcase classname="backend.tests.test_cancelamento_api.TestCancelamentoDocumentos" name="test_get_documento_not_found" time="0.110" /><testcase classname="backend.tests.test_cancelamento_api.TestCancelamentoFluxoValidacao" name="test_get_fluxos_validacao_success" time="0.113" /><testcase classname="backend.tests.test_cancelamento_api.TestCancelamentoValidarEscolaridade" name="test_validar_historico_escolar_success" time="0.165" /><testcase classname="backend.tests.test_cancelamento_api.TestCancelamentoValidarEscolaridade" name="test_validar_atestado_conclusao_success" time="0.110" /><testcase classname="backend.tests.test_cancelamento_api.TestCancelamentoValidarEscolaridade" name="test_validar_tipo_invalido" time="0.119" /><testcase classname="backend.tests.test_cancelamento_api.TestTemplatesEmail" name="test_listar_templates_email_success" time="0.120" /><testcase classname="backend.tests.test_cancelamento_api.TestTemplatesEmail" name="test_render_email_template_success" time="0.124" /><testcase classname="backend.tests.test_cancelamento_api.TestTemplatesEmail" name="test_render_email_template_missing_fields" time="0.106" /><testcase classname="backend.tests.test_cancelamento_api.TestTemplatesEmail" name="test_render_email_template_invalid_type" time="0.101" /><testcase classname="backend.tests.test_cancelamento_api.TestTemplatesWhatsApp" name="test_listar_templates_whatsapp_success" time="0.103" /><testcase classname="backend.tests.test_cancelamento_api.TestTemplatesWhatsApp" name="test_render_whatsapp_template_success" time="0.109" /><testcase classname="backend.tests.test_cancelamento_api.TestTemplatesWhatsApp" name="test_render_whatsapp_without_phone" time="0.117" /></testsuite></testsuites>